{"/Users/amr/web/javascript_task/validator.js/src/lib/isPostalCode.js":{"path":"/Users/amr/web/javascript_task/validator.js/src/lib/isPostalCode.js","statementMap":{"0":{"start":{"line":3,"column":0},"end":{"line":5,"column":3}},"1":{"start":{"line":6,"column":0},"end":{"line":6,"column":31}},"2":{"start":{"line":7,"column":0},"end":{"line":7,"column":25}},"3":{"start":{"line":8,"column":20},"end":{"line":8,"column":74}},"4":{"start":{"line":9,"column":37},"end":{"line":9,"column":83}},"5":{"start":{"line":11,"column":17},"end":{"line":11,"column":26}},"6":{"start":{"line":12,"column":16},"end":{"line":12,"column":25}},"7":{"start":{"line":13,"column":16},"end":{"line":13,"column":25}},"8":{"start":{"line":14,"column":15},"end":{"line":14,"column":24}},"9":{"start":{"line":15,"column":15},"end":{"line":83,"column":1}},"10":{"start":{"line":84,"column":14},"end":{"line":84,"column":53}},"11":{"start":{"line":86,"column":2},"end":{"line":86,"column":34}},"12":{"start":{"line":87,"column":2},"end":{"line":101,"column":3}},"13":{"start":{"line":88,"column":4},"end":{"line":88,"column":38}},"14":{"start":{"line":89,"column":9},"end":{"line":101,"column":3}},"15":{"start":{"line":90,"column":4},"end":{"line":99,"column":5}},"16":{"start":{"line":93,"column":6},"end":{"line":98,"column":7}},"17":{"start":{"line":94,"column":22},"end":{"line":94,"column":35}},"18":{"start":{"line":95,"column":8},"end":{"line":97,"column":9}},"19":{"start":{"line":96,"column":10},"end":{"line":96,"column":22}},"20":{"start":{"line":100,"column":4},"end":{"line":100,"column":17}},"21":{"start":{"line":102,"column":2},"end":{"line":102,"column":58}}},"fnMap":{"0":{"name":"_interopRequireDefault","decl":{"start":{"line":9,"column":9},"end":{"line":9,"column":31}},"loc":{"start":{"line":9,"column":35},"end":{"line":9,"column":85}},"line":9},"1":{"name":"isPostalCode","decl":{"start":{"line":85,"column":9},"end":{"line":85,"column":21}},"loc":{"start":{"line":85,"column":35},"end":{"line":103,"column":1}},"line":85}},"branchMap":{"0":{"loc":{"start":{"line":9,"column":44},"end":{"line":9,"column":82}},"type":"cond-expr","locations":[{"start":{"line":9,"column":64},"end":{"line":9,"column":65}},{"start":{"line":9,"column":68},"end":{"line":9,"column":82}}],"line":9},"1":{"loc":{"start":{"line":9,"column":44},"end":{"line":9,"column":61}},"type":"binary-expr","locations":[{"start":{"line":9,"column":44},"end":{"line":9,"column":45}},{"start":{"line":9,"column":49},"end":{"line":9,"column":61}}],"line":9},"2":{"loc":{"start":{"line":87,"column":2},"end":{"line":101,"column":3}},"type":"if","locations":[{"start":{"line":87,"column":2},"end":{"line":101,"column":3}},{"start":{"line":87,"column":2},"end":{"line":101,"column":3}}],"line":87},"3":{"loc":{"start":{"line":89,"column":9},"end":{"line":101,"column":3}},"type":"if","locations":[{"start":{"line":89,"column":9},"end":{"line":101,"column":3}},{"start":{"line":89,"column":9},"end":{"line":101,"column":3}}],"line":89},"4":{"loc":{"start":{"line":93,"column":6},"end":{"line":98,"column":7}},"type":"if","locations":[{"start":{"line":93,"column":6},"end":{"line":98,"column":7}}],"line":93},"5":{"loc":{"start":{"line":95,"column":8},"end":{"line":97,"column":9}},"type":"if","locations":[{"start":{"line":95,"column":8},"end":{"line":97,"column":9}},{"start":{"line":95,"column":8},"end":{"line":97,"column":9}}],"line":95}},"s":{"0":1,"1":1,"2":1,"3":1,"4":1,"5":1,"6":1,"7":1,"8":1,"9":1,"10":1,"11":478,"12":478,"13":280,"14":198,"15":196,"16":3854,"17":3854,"18":3854,"19":188,"20":8,"21":2},"f":{"0":1,"1":478},"b":{"0":[0,1],"1":[1,1],"2":[280,198],"3":[196,2],"4":[3854],"5":[188,3666]},"_coverageSchema":"43e27e138ebf9cfc5966b082cf9a028302ed4184","hash":"94588773e5a03457908c8e4bb0f951ed8a9420f1","contentHash":"8e58c13e13737eeaca451cc4c837c82c4a384b09483cc5e5ae12569bb2e01330"},"/Users/amr/web/javascript_task/validator.js/src/lib/util/assertString.js":{"path":"/Users/amr/web/javascript_task/validator.js/src/lib/util/assertString.js","statementMap":{"0":{"start":{"line":3,"column":0},"end":{"line":5,"column":3}},"1":{"start":{"line":6,"column":0},"end":{"line":6,"column":31}},"2":{"start":{"line":7,"column":49},"end":{"line":7,"column":316}},"3":{"start":{"line":7,"column":149},"end":{"line":7,"column":165}},"4":{"start":{"line":7,"column":185},"end":{"line":7,"column":301}},"5":{"start":{"line":9,"column":17},"end":{"line":9,"column":69}},"6":{"start":{"line":10,"column":2},"end":{"line":14,"column":3}},"7":{"start":{"line":11,"column":22},"end":{"line":11,"column":36}},"8":{"start":{"line":12,"column":4},"end":{"line":12,"column":117}},"9":{"start":{"line":12,"column":24},"end":{"line":12,"column":45}},"10":{"start":{"line":12,"column":50},"end":{"line":12,"column":117}},"11":{"start":{"line":12,"column":80},"end":{"line":12,"column":117}},"12":{"start":{"line":13,"column":4},"end":{"line":13,"column":81}},"13":{"start":{"line":16,"column":0},"end":{"line":16,"column":33}},"14":{"start":{"line":17,"column":0},"end":{"line":17,"column":41}}},"fnMap":{"0":{"name":"_typeof","decl":{"start":{"line":7,"column":9},"end":{"line":7,"column":16}},"loc":{"start":{"line":7,"column":20},"end":{"line":7,"column":318}},"line":7},"1":{"name":"(anonymous_1)","decl":{"start":{"line":7,"column":134},"end":{"line":7,"column":135}},"loc":{"start":{"line":7,"column":147},"end":{"line":7,"column":167}},"line":7},"2":{"name":"(anonymous_2)","decl":{"start":{"line":7,"column":170},"end":{"line":7,"column":171}},"loc":{"start":{"line":7,"column":183},"end":{"line":7,"column":303}},"line":7},"3":{"name":"assertString","decl":{"start":{"line":8,"column":9},"end":{"line":8,"column":21}},"loc":{"start":{"line":8,"column":29},"end":{"line":15,"column":1}},"line":8}},"branchMap":{"0":{"loc":{"start":{"line":7,"column":66},"end":{"line":7,"column":303}},"type":"cond-expr","locations":[{"start":{"line":7,"column":134},"end":{"line":7,"column":167}},{"start":{"line":7,"column":170},"end":{"line":7,"column":303}}],"line":7},"1":{"loc":{"start":{"line":7,"column":66},"end":{"line":7,"column":131}},"type":"binary-expr","locations":[{"start":{"line":7,"column":66},"end":{"line":7,"column":93}},{"start":{"line":7,"column":97},"end":{"line":7,"column":131}}],"line":7},"2":{"loc":{"start":{"line":7,"column":192},"end":{"line":7,"column":300}},"type":"cond-expr","locations":[{"start":{"line":7,"column":281},"end":{"line":7,"column":289}},{"start":{"line":7,"column":292},"end":{"line":7,"column":300}}],"line":7},"3":{"loc":{"start":{"line":7,"column":192},"end":{"line":7,"column":278}},"type":"binary-expr","locations":[{"start":{"line":7,"column":192},"end":{"line":7,"column":193}},{"start":{"line":7,"column":197},"end":{"line":7,"column":224}},{"start":{"line":7,"column":228},"end":{"line":7,"column":252}},{"start":{"line":7,"column":256},"end":{"line":7,"column":278}}],"line":7},"4":{"loc":{"start":{"line":9,"column":17},"end":{"line":9,"column":69}},"type":"binary-expr","locations":[{"start":{"line":9,"column":17},"end":{"line":9,"column":42}},{"start":{"line":9,"column":46},"end":{"line":9,"column":69}}],"line":9},"5":{"loc":{"start":{"line":10,"column":2},"end":{"line":14,"column":3}},"type":"if","locations":[{"start":{"line":10,"column":2},"end":{"line":14,"column":3}},{"start":{"line":10,"column":2},"end":{"line":14,"column":3}}],"line":10},"6":{"loc":{"start":{"line":12,"column":4},"end":{"line":12,"column":117}},"type":"if","locations":[{"start":{"line":12,"column":4},"end":{"line":12,"column":117}},{"start":{"line":12,"column":4},"end":{"line":12,"column":117}}],"line":12},"7":{"loc":{"start":{"line":12,"column":50},"end":{"line":12,"column":117}},"type":"if","locations":[{"start":{"line":12,"column":50},"end":{"line":12,"column":117}},{"start":{"line":12,"column":50},"end":{"line":12,"column":117}}],"line":12}},"s":{"0":1,"1":1,"2":1,"3":18,"4":0,"5":15293,"6":15293,"7":18,"8":18,"9":4,"10":14,"11":7,"12":18,"13":1,"14":1},"f":{"0":1,"1":18,"2":0,"3":15293},"b":{"0":[1,0],"1":[1,1],"2":[0,0],"3":[0,0,0,0],"4":[15293,18],"5":[18,15275],"6":[4,14],"7":[7,7]},"_coverageSchema":"43e27e138ebf9cfc5966b082cf9a028302ed4184","hash":"39224291809eb05f94440dd7bcbc840f8ec0247e","contentHash":"5f15a529571049cfbe04037a0e60b33a8848c8b494639449c7dcbcc7e4c2ad2f"},"/Users/amr/web/javascript_task/validator.js/src/lib/isAlpha.js":{"path":"/Users/amr/web/javascript_task/validator.js/src/lib/isAlpha.js","statementMap":{"0":{"start":{"line":3,"column":0},"end":{"line":5,"column":3}},"1":{"start":{"line":6,"column":0},"end":{"line":6,"column":26}},"2":{"start":{"line":7,"column":0},"end":{"line":7,"column":25}},"3":{"start":{"line":8,"column":20},"end":{"line":8,"column":74}},"4":{"start":{"line":9,"column":13},"end":{"line":9,"column":31}},"5":{"start":{"line":10,"column":37},"end":{"line":10,"column":83}},"6":{"start":{"line":12,"column":15},"end":{"line":12,"column":90}},"7":{"start":{"line":13,"column":16},"end":{"line":13,"column":86}},"8":{"start":{"line":14,"column":2},"end":{"line":14,"column":35}},"9":{"start":{"line":15,"column":12},"end":{"line":15,"column":16}},"10":{"start":{"line":16,"column":15},"end":{"line":16,"column":29}},"11":{"start":{"line":17,"column":2},"end":{"line":25,"column":3}},"12":{"start":{"line":18,"column":4},"end":{"line":24,"column":5}},"13":{"start":{"line":19,"column":6},"end":{"line":19,"column":36}},"14":{"start":{"line":20,"column":11},"end":{"line":24,"column":5}},"15":{"start":{"line":21,"column":6},"end":{"line":21,"column":115}},"16":{"start":{"line":23,"column":6},"end":{"line":23,"column":73}},"17":{"start":{"line":26,"column":2},"end":{"line":28,"column":3}},"18":{"start":{"line":27,"column":4},"end":{"line":27,"column":42}},"19":{"start":{"line":29,"column":2},"end":{"line":29,"column":58}},"20":{"start":{"line":31,"column":14},"end":{"line":31,"column":57}}},"fnMap":{"0":{"name":"_interopRequireDefault","decl":{"start":{"line":10,"column":9},"end":{"line":10,"column":31}},"loc":{"start":{"line":10,"column":35},"end":{"line":10,"column":85}},"line":10},"1":{"name":"isAlpha","decl":{"start":{"line":11,"column":9},"end":{"line":11,"column":16}},"loc":{"start":{"line":11,"column":23},"end":{"line":30,"column":1}},"line":11}},"branchMap":{"0":{"loc":{"start":{"line":10,"column":44},"end":{"line":10,"column":82}},"type":"cond-expr","locations":[{"start":{"line":10,"column":64},"end":{"line":10,"column":65}},{"start":{"line":10,"column":68},"end":{"line":10,"column":82}}],"line":10},"1":{"loc":{"start":{"line":10,"column":44},"end":{"line":10,"column":61}},"type":"binary-expr","locations":[{"start":{"line":10,"column":44},"end":{"line":10,"column":45}},{"start":{"line":10,"column":49},"end":{"line":10,"column":61}}],"line":10},"2":{"loc":{"start":{"line":12,"column":15},"end":{"line":12,"column":90}},"type":"cond-expr","locations":[{"start":{"line":12,"column":68},"end":{"line":12,"column":80}},{"start":{"line":12,"column":83},"end":{"line":12,"column":90}}],"line":12},"3":{"loc":{"start":{"line":12,"column":15},"end":{"line":12,"column":65}},"type":"binary-expr","locations":[{"start":{"line":12,"column":15},"end":{"line":12,"column":35}},{"start":{"line":12,"column":39},"end":{"line":12,"column":65}}],"line":12},"4":{"loc":{"start":{"line":13,"column":16},"end":{"line":13,"column":86}},"type":"cond-expr","locations":[{"start":{"line":13,"column":69},"end":{"line":13,"column":81}},{"start":{"line":13,"column":84},"end":{"line":13,"column":86}}],"line":13},"5":{"loc":{"start":{"line":13,"column":16},"end":{"line":13,"column":66}},"type":"binary-expr","locations":[{"start":{"line":13,"column":16},"end":{"line":13,"column":36}},{"start":{"line":13,"column":40},"end":{"line":13,"column":66}}],"line":13},"6":{"loc":{"start":{"line":17,"column":2},"end":{"line":25,"column":3}},"type":"if","locations":[{"start":{"line":17,"column":2},"end":{"line":25,"column":3}},{"start":{"line":17,"column":2},"end":{"line":25,"column":3}}],"line":17},"7":{"loc":{"start":{"line":18,"column":4},"end":{"line":24,"column":5}},"type":"if","locations":[{"start":{"line":18,"column":4},"end":{"line":24,"column":5}},{"start":{"line":18,"column":4},"end":{"line":24,"column":5}}],"line":18},"8":{"loc":{"start":{"line":20,"column":11},"end":{"line":24,"column":5}},"type":"if","locations":[{"start":{"line":20,"column":11},"end":{"line":24,"column":5}},{"start":{"line":20,"column":11},"end":{"line":24,"column":5}}],"line":20},"9":{"loc":{"start":{"line":26,"column":2},"end":{"line":28,"column":3}},"type":"if","locations":[{"start":{"line":26,"column":2},"end":{"line":28,"column":3}},{"start":{"line":26,"column":2},"end":{"line":28,"column":3}}],"line":26}},"s":{"0":1,"1":1,"2":1,"3":1,"4":1,"5":1,"6":335,"7":335,"8":335,"9":335,"10":335,"11":335,"12":12,"13":5,"14":7,"15":6,"16":1,"17":334,"18":332,"19":2,"20":1},"f":{"0":1,"1":335},"b":{"0":[0,1],"1":[1,1],"2":[325,10],"3":[335,325],"4":[12,323],"5":[335,12],"6":[12,323],"7":[5,7],"8":[6,1],"9":[332,2]},"_coverageSchema":"43e27e138ebf9cfc5966b082cf9a028302ed4184","hash":"98e01422e02015b9683bf908bd7f3654376effe6","contentHash":"0e7d7baa2f79ac79c475f55f676ee672217269efc3662ce851002888ab4f0386"},"/Users/amr/web/javascript_task/validator.js/src/lib/alpha.js":{"path":"/Users/amr/web/javascript_task/validator.js/src/lib/alpha.js","statementMap":{"0":{"start":{"line":3,"column":0},"end":{"line":5,"column":3}},"1":{"start":{"line":6,"column":0},"end":{"line":6,"column":205}},"2":{"start":{"line":7,"column":12},"end":{"line":47,"column":1}},"3":{"start":{"line":48,"column":19},"end":{"line":87,"column":1}},"4":{"start":{"line":88,"column":14},"end":{"line":91,"column":1}},"5":{"start":{"line":92,"column":21},"end":{"line":92,"column":88}},"6":{"start":{"line":93,"column":0},"end":{"line":98,"column":1}},"7":{"start":{"line":93,"column":21},"end":{"line":93,"column":22}},"8":{"start":{"line":94,"column":2},"end":{"line":94,"column":43}},"9":{"start":{"line":95,"column":2},"end":{"line":95,"column":33}},"10":{"start":{"line":96,"column":2},"end":{"line":96,"column":47}},"11":{"start":{"line":97,"column":2},"end":{"line":97,"column":37}},"12":{"start":{"line":101,"column":20},"end":{"line":101,"column":146}},"13":{"start":{"line":102,"column":0},"end":{"line":107,"column":1}},"14":{"start":{"line":102,"column":23},"end":{"line":102,"column":24}},"15":{"start":{"line":103,"column":2},"end":{"line":103,"column":44}},"16":{"start":{"line":104,"column":2},"end":{"line":104,"column":28}},"17":{"start":{"line":105,"column":2},"end":{"line":105,"column":42}},"18":{"start":{"line":106,"column":2},"end":{"line":106,"column":32}},"19":{"start":{"line":108,"column":19},"end":{"line":108,"column":54}},"20":{"start":{"line":109,"column":0},"end":{"line":113,"column":1}},"21":{"start":{"line":109,"column":25},"end":{"line":109,"column":26}},"22":{"start":{"line":110,"column":2},"end":{"line":110,"column":45}},"23":{"start":{"line":111,"column":2},"end":{"line":111,"column":43}},"24":{"start":{"line":112,"column":2},"end":{"line":112,"column":33}},"25":{"start":{"line":114,"column":21},"end":{"line":114,"column":58}},"26":{"start":{"line":115,"column":0},"end":{"line":120,"column":1}},"27":{"start":{"line":115,"column":25},"end":{"line":115,"column":26}},"28":{"start":{"line":116,"column":2},"end":{"line":116,"column":47}},"29":{"start":{"line":117,"column":2},"end":{"line":117,"column":29}},"30":{"start":{"line":118,"column":2},"end":{"line":118,"column":43}},"31":{"start":{"line":119,"column":2},"end":{"line":119,"column":39}},"32":{"start":{"line":123,"column":17},"end":{"line":123,"column":65}},"33":{"start":{"line":124,"column":19},"end":{"line":124,"column":315}},"34":{"start":{"line":125,"column":0},"end":{"line":127,"column":1}},"35":{"start":{"line":125,"column":15},"end":{"line":125,"column":16}},"36":{"start":{"line":126,"column":2},"end":{"line":126,"column":46}},"37":{"start":{"line":128,"column":0},"end":{"line":130,"column":1}},"38":{"start":{"line":128,"column":15},"end":{"line":128,"column":16}},"39":{"start":{"line":129,"column":2},"end":{"line":129,"column":35}},"40":{"start":{"line":131,"column":0},"end":{"line":131,"column":32}},"41":{"start":{"line":132,"column":0},"end":{"line":132,"column":46}},"42":{"start":{"line":133,"column":0},"end":{"line":133,"column":32}},"43":{"start":{"line":134,"column":0},"end":{"line":134,"column":46}},"44":{"start":{"line":135,"column":0},"end":{"line":135,"column":36}},"45":{"start":{"line":138,"column":0},"end":{"line":138,"column":32}},"46":{"start":{"line":139,"column":0},"end":{"line":139,"column":46}},"47":{"start":{"line":140,"column":0},"end":{"line":140,"column":36}},"48":{"start":{"line":143,"column":0},"end":{"line":143,"column":26}}},"fnMap":{},"branchMap":{},"s":{"0":1,"1":1,"2":1,"3":1,"4":1,"5":1,"6":1,"7":1,"8":7,"9":7,"10":7,"11":7,"12":1,"13":1,"14":1,"15":17,"16":17,"17":17,"18":17,"19":1,"20":1,"21":1,"22":2,"23":2,"24":2,"25":1,"26":1,"27":1,"28":2,"29":2,"30":2,"31":2,"32":1,"33":1,"34":1,"35":1,"36":3,"37":1,"38":1,"39":30,"40":1,"41":1,"42":1,"43":1,"44":1,"45":1,"46":1,"47":1,"48":1},"f":{},"b":{},"_coverageSchema":"43e27e138ebf9cfc5966b082cf9a028302ed4184","hash":"35c60ea5e5db46fc5afbab706c167c246e61e219","contentHash":"5f8553593a3377508dc149553eb3fd4b346ff184fcb59f06fa1caea4a7b0330f"},"/Users/amr/web/javascript_task/validator.js/src/lib/isAlphanumeric.js":{"path":"/Users/amr/web/javascript_task/validator.js/src/lib/isAlphanumeric.js","statementMap":{"0":{"start":{"line":3,"column":0},"end":{"line":5,"column":3}},"1":{"start":{"line":6,"column":0},"end":{"line":6,"column":33}},"2":{"start":{"line":7,"column":0},"end":{"line":7,"column":25}},"3":{"start":{"line":8,"column":20},"end":{"line":8,"column":74}},"4":{"start":{"line":9,"column":13},"end":{"line":9,"column":31}},"5":{"start":{"line":10,"column":37},"end":{"line":10,"column":83}},"6":{"start":{"line":12,"column":15},"end":{"line":12,"column":90}},"7":{"start":{"line":13,"column":16},"end":{"line":13,"column":86}},"8":{"start":{"line":14,"column":2},"end":{"line":14,"column":35}},"9":{"start":{"line":15,"column":12},"end":{"line":15,"column":16}},"10":{"start":{"line":16,"column":15},"end":{"line":16,"column":29}},"11":{"start":{"line":17,"column":2},"end":{"line":25,"column":3}},"12":{"start":{"line":18,"column":4},"end":{"line":24,"column":5}},"13":{"start":{"line":19,"column":6},"end":{"line":19,"column":36}},"14":{"start":{"line":20,"column":11},"end":{"line":24,"column":5}},"15":{"start":{"line":21,"column":6},"end":{"line":21,"column":115}},"16":{"start":{"line":23,"column":6},"end":{"line":23,"column":73}},"17":{"start":{"line":26,"column":2},"end":{"line":28,"column":3}},"18":{"start":{"line":27,"column":4},"end":{"line":27,"column":49}},"19":{"start":{"line":29,"column":2},"end":{"line":29,"column":58}},"20":{"start":{"line":31,"column":14},"end":{"line":31,"column":64}}},"fnMap":{"0":{"name":"_interopRequireDefault","decl":{"start":{"line":10,"column":9},"end":{"line":10,"column":31}},"loc":{"start":{"line":10,"column":35},"end":{"line":10,"column":85}},"line":10},"1":{"name":"isAlphanumeric","decl":{"start":{"line":11,"column":9},"end":{"line":11,"column":23}},"loc":{"start":{"line":11,"column":30},"end":{"line":30,"column":1}},"line":11}},"branchMap":{"0":{"loc":{"start":{"line":10,"column":44},"end":{"line":10,"column":82}},"type":"cond-expr","locations":[{"start":{"line":10,"column":64},"end":{"line":10,"column":65}},{"start":{"line":10,"column":68},"end":{"line":10,"column":82}}],"line":10},"1":{"loc":{"start":{"line":10,"column":44},"end":{"line":10,"column":61}},"type":"binary-expr","locations":[{"start":{"line":10,"column":44},"end":{"line":10,"column":45}},{"start":{"line":10,"column":49},"end":{"line":10,"column":61}}],"line":10},"2":{"loc":{"start":{"line":12,"column":15},"end":{"line":12,"column":90}},"type":"cond-expr","locations":[{"start":{"line":12,"column":68},"end":{"line":12,"column":80}},{"start":{"line":12,"column":83},"end":{"line":12,"column":90}}],"line":12},"3":{"loc":{"start":{"line":12,"column":15},"end":{"line":12,"column":65}},"type":"binary-expr","locations":[{"start":{"line":12,"column":15},"end":{"line":12,"column":35}},{"start":{"line":12,"column":39},"end":{"line":12,"column":65}}],"line":12},"4":{"loc":{"start":{"line":13,"column":16},"end":{"line":13,"column":86}},"type":"cond-expr","locations":[{"start":{"line":13,"column":69},"end":{"line":13,"column":81}},{"start":{"line":13,"column":84},"end":{"line":13,"column":86}}],"line":13},"5":{"loc":{"start":{"line":13,"column":16},"end":{"line":13,"column":66}},"type":"binary-expr","locations":[{"start":{"line":13,"column":16},"end":{"line":13,"column":36}},{"start":{"line":13,"column":40},"end":{"line":13,"column":66}}],"line":13},"6":{"loc":{"start":{"line":17,"column":2},"end":{"line":25,"column":3}},"type":"if","locations":[{"start":{"line":17,"column":2},"end":{"line":25,"column":3}},{"start":{"line":17,"column":2},"end":{"line":25,"column":3}}],"line":17},"7":{"loc":{"start":{"line":18,"column":4},"end":{"line":24,"column":5}},"type":"if","locations":[{"start":{"line":18,"column":4},"end":{"line":24,"column":5}},{"start":{"line":18,"column":4},"end":{"line":24,"column":5}}],"line":18},"8":{"loc":{"start":{"line":20,"column":11},"end":{"line":24,"column":5}},"type":"if","locations":[{"start":{"line":20,"column":11},"end":{"line":24,"column":5}},{"start":{"line":20,"column":11},"end":{"line":24,"column":5}}],"line":20},"9":{"loc":{"start":{"line":26,"column":2},"end":{"line":28,"column":3}},"type":"if","locations":[{"start":{"line":26,"column":2},"end":{"line":28,"column":3}},{"start":{"line":26,"column":2},"end":{"line":28,"column":3}}],"line":26}},"s":{"0":1,"1":1,"2":1,"3":1,"4":1,"5":1,"6":274,"7":274,"8":274,"9":274,"10":274,"11":274,"12":12,"13":5,"14":7,"15":6,"16":1,"17":273,"18":271,"19":2,"20":1},"f":{"0":1,"1":274},"b":{"0":[0,1],"1":[1,1],"2":[267,7],"3":[274,267],"4":[12,262],"5":[274,12],"6":[12,262],"7":[5,7],"8":[6,1],"9":[271,2]},"_coverageSchema":"43e27e138ebf9cfc5966b082cf9a028302ed4184","hash":"3d5da72d2b437fae832fce6b3c18c7d37ba593be","contentHash":"c0def11c1cd130e45ca182e00eae4763448c75b0a2f03672358d344687af49fa"},"/Users/amr/web/javascript_task/validator.js/src/lib/isMobilePhone.js":{"path":"/Users/amr/web/javascript_task/validator.js/src/lib/isMobilePhone.js","statementMap":{"0":{"start":{"line":3,"column":0},"end":{"line":5,"column":3}},"1":{"start":{"line":6,"column":0},"end":{"line":6,"column":32}},"2":{"start":{"line":7,"column":0},"end":{"line":7,"column":25}},"3":{"start":{"line":8,"column":20},"end":{"line":8,"column":74}},"4":{"start":{"line":9,"column":37},"end":{"line":9,"column":83}},"5":{"start":{"line":11,"column":13},"end":{"line":170,"column":1}},"6":{"start":{"line":174,"column":0},"end":{"line":174,"column":34}},"7":{"start":{"line":175,"column":0},"end":{"line":175,"column":34}},"8":{"start":{"line":176,"column":0},"end":{"line":176,"column":34}},"9":{"start":{"line":177,"column":0},"end":{"line":177,"column":34}},"10":{"start":{"line":178,"column":0},"end":{"line":178,"column":34}},"11":{"start":{"line":179,"column":0},"end":{"line":179,"column":34}},"12":{"start":{"line":180,"column":0},"end":{"line":180,"column":34}},"13":{"start":{"line":181,"column":0},"end":{"line":181,"column":34}},"14":{"start":{"line":183,"column":2},"end":{"line":183,"column":34}},"15":{"start":{"line":184,"column":2},"end":{"line":186,"column":3}},"16":{"start":{"line":185,"column":4},"end":{"line":185,"column":17}},"17":{"start":{"line":187,"column":2},"end":{"line":213,"column":3}},"18":{"start":{"line":188,"column":4},"end":{"line":198,"column":7}},"19":{"start":{"line":191,"column":6},"end":{"line":196,"column":7}},"20":{"start":{"line":192,"column":20},"end":{"line":192,"column":31}},"21":{"start":{"line":193,"column":8},"end":{"line":195,"column":9}},"22":{"start":{"line":194,"column":10},"end":{"line":194,"column":22}},"23":{"start":{"line":197,"column":6},"end":{"line":197,"column":19}},"24":{"start":{"line":199,"column":9},"end":{"line":213,"column":3}},"25":{"start":{"line":200,"column":4},"end":{"line":200,"column":36}},"26":{"start":{"line":202,"column":9},"end":{"line":213,"column":3}},"27":{"start":{"line":203,"column":4},"end":{"line":211,"column":5}},"28":{"start":{"line":205,"column":6},"end":{"line":210,"column":7}},"29":{"start":{"line":206,"column":20},"end":{"line":206,"column":31}},"30":{"start":{"line":207,"column":8},"end":{"line":209,"column":9}},"31":{"start":{"line":208,"column":10},"end":{"line":208,"column":22}},"32":{"start":{"line":212,"column":4},"end":{"line":212,"column":17}},"33":{"start":{"line":214,"column":2},"end":{"line":214,"column":58}},"34":{"start":{"line":216,"column":14},"end":{"line":216,"column":51}}},"fnMap":{"0":{"name":"_interopRequireDefault","decl":{"start":{"line":9,"column":9},"end":{"line":9,"column":31}},"loc":{"start":{"line":9,"column":35},"end":{"line":9,"column":85}},"line":9},"1":{"name":"isMobilePhone","decl":{"start":{"line":182,"column":9},"end":{"line":182,"column":22}},"loc":{"start":{"line":182,"column":45},"end":{"line":215,"column":1}},"line":182},"2":{"name":"(anonymous_2)","decl":{"start":{"line":188,"column":23},"end":{"line":188,"column":24}},"loc":{"start":{"line":188,"column":38},"end":{"line":198,"column":5}},"line":188}},"branchMap":{"0":{"loc":{"start":{"line":9,"column":44},"end":{"line":9,"column":82}},"type":"cond-expr","locations":[{"start":{"line":9,"column":64},"end":{"line":9,"column":65}},{"start":{"line":9,"column":68},"end":{"line":9,"column":82}}],"line":9},"1":{"loc":{"start":{"line":9,"column":44},"end":{"line":9,"column":61}},"type":"binary-expr","locations":[{"start":{"line":9,"column":44},"end":{"line":9,"column":45}},{"start":{"line":9,"column":49},"end":{"line":9,"column":61}}],"line":9},"2":{"loc":{"start":{"line":184,"column":2},"end":{"line":186,"column":3}},"type":"if","locations":[{"start":{"line":184,"column":2},"end":{"line":186,"column":3}},{"start":{"line":184,"column":2},"end":{"line":186,"column":3}}],"line":184},"3":{"loc":{"start":{"line":184,"column":6},"end":{"line":184,"column":59}},"type":"binary-expr","locations":[{"start":{"line":184,"column":6},"end":{"line":184,"column":13}},{"start":{"line":184,"column":17},"end":{"line":184,"column":35}},{"start":{"line":184,"column":39},"end":{"line":184,"column":59}}],"line":184},"4":{"loc":{"start":{"line":187,"column":2},"end":{"line":213,"column":3}},"type":"if","locations":[{"start":{"line":187,"column":2},"end":{"line":213,"column":3}},{"start":{"line":187,"column":2},"end":{"line":213,"column":3}}],"line":187},"5":{"loc":{"start":{"line":191,"column":6},"end":{"line":196,"column":7}},"type":"if","locations":[{"start":{"line":191,"column":6},"end":{"line":196,"column":7}}],"line":191},"6":{"loc":{"start":{"line":193,"column":8},"end":{"line":195,"column":9}},"type":"if","locations":[{"start":{"line":193,"column":8},"end":{"line":195,"column":9}},{"start":{"line":193,"column":8},"end":{"line":195,"column":9}}],"line":193},"7":{"loc":{"start":{"line":199,"column":9},"end":{"line":213,"column":3}},"type":"if","locations":[{"start":{"line":199,"column":9},"end":{"line":213,"column":3}},{"start":{"line":199,"column":9},"end":{"line":213,"column":3}}],"line":199},"8":{"loc":{"start":{"line":202,"column":9},"end":{"line":213,"column":3}},"type":"if","locations":[{"start":{"line":202,"column":9},"end":{"line":213,"column":3}},{"start":{"line":202,"column":9},"end":{"line":213,"column":3}}],"line":202},"9":{"loc":{"start":{"line":202,"column":13},"end":{"line":202,"column":40}},"type":"binary-expr","locations":[{"start":{"line":202,"column":13},"end":{"line":202,"column":20}},{"start":{"line":202,"column":24},"end":{"line":202,"column":40}}],"line":202},"10":{"loc":{"start":{"line":205,"column":6},"end":{"line":210,"column":7}},"type":"if","locations":[{"start":{"line":205,"column":6},"end":{"line":210,"column":7}}],"line":205},"11":{"loc":{"start":{"line":207,"column":8},"end":{"line":209,"column":9}},"type":"if","locations":[{"start":{"line":207,"column":8},"end":{"line":209,"column":9}},{"start":{"line":207,"column":8},"end":{"line":209,"column":9}}],"line":207}},"s":{"0":1,"1":1,"2":1,"3":1,"4":1,"5":1,"6":1,"7":1,"8":1,"9":1,"10":1,"11":1,"12":1,"13":1,"14":4788,"15":4788,"16":4,"17":4784,"18":67,"19":75,"20":75,"21":75,"22":24,"23":51,"24":4717,"25":2314,"26":2403,"27":2401,"28":149546,"29":149546,"30":149546,"31":2384,"32":17,"33":2,"34":1},"f":{"0":1,"1":4788,"2":75},"b":{"0":[0,1],"1":[1,1],"2":[4,4784],"3":[4788,8,8],"4":[67,4717],"5":[75],"6":[24,51],"7":[2314,2403],"8":[2401,2],"9":[2403,1195],"10":[149546],"11":[2384,147162]},"_coverageSchema":"43e27e138ebf9cfc5966b082cf9a028302ed4184","hash":"f379db00dc5ffbac59eb37358b65a41d653b9b92","contentHash":"e1a29c0862ef5e904163f15bdcac23632ad27bdea6996c86cf41db8e2a504913"},"/Users/amr/web/javascript_task/validator.js/src/lib/isFloat.js":{"path":"/Users/amr/web/javascript_task/validator.js/src/lib/isFloat.js","statementMap":{"0":{"start":{"line":3,"column":0},"end":{"line":5,"column":3}},"1":{"start":{"line":6,"column":0},"end":{"line":6,"column":26}},"2":{"start":{"line":7,"column":0},"end":{"line":7,"column":25}},"3":{"start":{"line":8,"column":20},"end":{"line":8,"column":74}},"4":{"start":{"line":9,"column":26},"end":{"line":9,"column":86}},"5":{"start":{"line":10,"column":13},"end":{"line":10,"column":31}},"6":{"start":{"line":11,"column":37},"end":{"line":11,"column":83}},"7":{"start":{"line":13,"column":2},"end":{"line":13,"column":34}},"8":{"start":{"line":14,"column":2},"end":{"line":14,"column":26}},"9":{"start":{"line":15,"column":14},"end":{"line":15,"column":157}},"10":{"start":{"line":16,"column":2},"end":{"line":18,"column":3}},"11":{"start":{"line":17,"column":4},"end":{"line":17,"column":17}},"12":{"start":{"line":19,"column":14},"end":{"line":19,"column":47}},"13":{"start":{"line":20,"column":2},"end":{"line":20,"column":453}},"14":{"start":{"line":22,"column":14},"end":{"line":22,"column":59}}},"fnMap":{"0":{"name":"_interopRequireDefault","decl":{"start":{"line":11,"column":9},"end":{"line":11,"column":31}},"loc":{"start":{"line":11,"column":35},"end":{"line":11,"column":85}},"line":11},"1":{"name":"isFloat","decl":{"start":{"line":12,"column":9},"end":{"line":12,"column":16}},"loc":{"start":{"line":12,"column":31},"end":{"line":21,"column":1}},"line":12}},"branchMap":{"0":{"loc":{"start":{"line":11,"column":44},"end":{"line":11,"column":82}},"type":"cond-expr","locations":[{"start":{"line":11,"column":64},"end":{"line":11,"column":65}},{"start":{"line":11,"column":68},"end":{"line":11,"column":82}}],"line":11},"1":{"loc":{"start":{"line":11,"column":44},"end":{"line":11,"column":61}},"type":"binary-expr","locations":[{"start":{"line":11,"column":44},"end":{"line":11,"column":45}},{"start":{"line":11,"column":49},"end":{"line":11,"column":61}}],"line":11},"2":{"loc":{"start":{"line":14,"column":12},"end":{"line":14,"column":25}},"type":"binary-expr","locations":[{"start":{"line":14,"column":12},"end":{"line":14,"column":19}},{"start":{"line":14,"column":23},"end":{"line":14,"column":25}}],"line":14},"3":{"loc":{"start":{"line":15,"column":61},"end":{"line":15,"column":114}},"type":"cond-expr","locations":[{"start":{"line":15,"column":78},"end":{"line":15,"column":108}},{"start":{"line":15,"column":111},"end":{"line":15,"column":114}}],"line":15},"4":{"loc":{"start":{"line":16,"column":2},"end":{"line":18,"column":3}},"type":"if","locations":[{"start":{"line":16,"column":2},"end":{"line":18,"column":3}},{"start":{"line":16,"column":2},"end":{"line":18,"column":3}}],"line":16},"5":{"loc":{"start":{"line":16,"column":6},"end":{"line":16,"column":76}},"type":"binary-expr","locations":[{"start":{"line":16,"column":6},"end":{"line":16,"column":16}},{"start":{"line":16,"column":20},"end":{"line":16,"column":31}},{"start":{"line":16,"column":35},"end":{"line":16,"column":46}},{"start":{"line":16,"column":50},"end":{"line":16,"column":61}},{"start":{"line":16,"column":65},"end":{"line":16,"column":76}}],"line":16},"6":{"loc":{"start":{"line":20,"column":9},"end":{"line":20,"column":452}},"type":"binary-expr","locations":[{"start":{"line":20,"column":9},"end":{"line":20,"column":24}},{"start":{"line":20,"column":29},"end":{"line":20,"column":59}},{"start":{"line":20,"column":63},"end":{"line":20,"column":108}},{"start":{"line":20,"column":112},"end":{"line":20,"column":132}},{"start":{"line":20,"column":138},"end":{"line":20,"column":168}},{"start":{"line":20,"column":172},"end":{"line":20,"column":217}},{"start":{"line":20,"column":221},"end":{"line":20,"column":241}},{"start":{"line":20,"column":247},"end":{"line":20,"column":276}},{"start":{"line":20,"column":280},"end":{"line":20,"column":324}},{"start":{"line":20,"column":328},"end":{"line":20,"column":346}},{"start":{"line":20,"column":352},"end":{"line":20,"column":381}},{"start":{"line":20,"column":385},"end":{"line":20,"column":429}},{"start":{"line":20,"column":433},"end":{"line":20,"column":451}}],"line":20}},"s":{"0":1,"1":1,"2":1,"3":1,"4":1,"5":1,"6":2,"7":186,"8":186,"9":186,"10":186,"11":14,"12":172,"13":172,"14":1},"f":{"0":2,"1":186},"b":{"0":[0,2],"1":[2,2],"2":[186,37],"3":[92,94],"4":[14,172],"5":[186,180,175,174,173],"6":[172,125,49,40,108,20,12,106,22,15,102,17,11]},"_coverageSchema":"43e27e138ebf9cfc5966b082cf9a028302ed4184","hash":"4111b8c47b341c70d653f6aede6e37b00e174c9c","contentHash":"8b34ee0cefa937c50b18124137b1f2cc560c135b50d004c441dfc9733cff8e58"},"/Users/amr/web/javascript_task/validator.js/src/lib/util/nullUndefinedCheck.js":{"path":"/Users/amr/web/javascript_task/validator.js/src/lib/util/nullUndefinedCheck.js","statementMap":{"0":{"start":{"line":3,"column":0},"end":{"line":5,"column":3}},"1":{"start":{"line":6,"column":0},"end":{"line":6,"column":36}},"2":{"start":{"line":8,"column":2},"end":{"line":8,"column":47}},"3":{"start":{"line":10,"column":0},"end":{"line":10,"column":33}},"4":{"start":{"line":11,"column":0},"end":{"line":11,"column":41}}},"fnMap":{"0":{"name":"isNullOrUndefined","decl":{"start":{"line":7,"column":9},"end":{"line":7,"column":26}},"loc":{"start":{"line":7,"column":34},"end":{"line":9,"column":1}},"line":7}},"branchMap":{"0":{"loc":{"start":{"line":8,"column":9},"end":{"line":8,"column":46}},"type":"binary-expr","locations":[{"start":{"line":8,"column":9},"end":{"line":8,"column":23}},{"start":{"line":8,"column":27},"end":{"line":8,"column":46}}],"line":8}},"s":{"0":1,"1":1,"2":229,"3":1,"4":1},"f":{"0":229},"b":{"0":[229,187]},"_coverageSchema":"43e27e138ebf9cfc5966b082cf9a028302ed4184","hash":"b1c2d458332426759ef56df151c315810610aca9","contentHash":"30df09e93347ef3c6a4f22db02653449370a5327eea1603e4b4e56465fd413a7"},"/Users/amr/web/javascript_task/validator.js/src/lib/isIBAN.js":{"path":"/Users/amr/web/javascript_task/validator.js/src/lib/isIBAN.js","statementMap":{"0":{"start":{"line":3,"column":0},"end":{"line":5,"column":3}},"1":{"start":{"line":6,"column":0},"end":{"line":6,"column":25}},"2":{"start":{"line":7,"column":0},"end":{"line":7,"column":25}},"3":{"start":{"line":8,"column":20},"end":{"line":8,"column":74}},"4":{"start":{"line":9,"column":37},"end":{"line":9,"column":83}},"5":{"start":{"line":15,"column":34},"end":{"line":96,"column":1}},"6":{"start":{"line":107,"column":51},"end":{"line":109,"column":4}},"7":{"start":{"line":108,"column":4},"end":{"line":108,"column":57}},"8":{"start":{"line":110,"column":2},"end":{"line":112,"column":3}},"9":{"start":{"line":111,"column":4},"end":{"line":111,"column":17}},"10":{"start":{"line":113,"column":2},"end":{"line":113,"column":14}},"11":{"start":{"line":130,"column":20},"end":{"line":130,"column":62}},"12":{"start":{"line":131,"column":23},"end":{"line":131,"column":60}},"13":{"start":{"line":132,"column":44},"end":{"line":132,"column":89}},"14":{"start":{"line":133,"column":2},"end":{"line":141,"column":3}},"15":{"start":{"line":134,"column":4},"end":{"line":136,"column":5}},"16":{"start":{"line":135,"column":6},"end":{"line":135,"column":19}},"17":{"start":{"line":137,"column":36},"end":{"line":137,"column":78}},"18":{"start":{"line":138,"column":4},"end":{"line":140,"column":5}},"19":{"start":{"line":139,"column":6},"end":{"line":139,"column":19}},"20":{"start":{"line":142,"column":2},"end":{"line":147,"column":3}},"21":{"start":{"line":143,"column":36},"end":{"line":143,"column":78}},"22":{"start":{"line":144,"column":4},"end":{"line":146,"column":5}},"23":{"start":{"line":145,"column":6},"end":{"line":145,"column":19}},"24":{"start":{"line":148,"column":2},"end":{"line":148,"column":110}},"25":{"start":{"line":165,"column":20},"end":{"line":165,"column":65}},"26":{"start":{"line":166,"column":19},"end":{"line":166,"column":65}},"27":{"start":{"line":167,"column":36},"end":{"line":169,"column":4}},"28":{"start":{"line":168,"column":4},"end":{"line":168,"column":35}},"29":{"start":{"line":170,"column":18},"end":{"line":172,"column":8}},"30":{"start":{"line":171,"column":4},"end":{"line":171,"column":36}},"31":{"start":{"line":173,"column":2},"end":{"line":173,"column":25}},"32":{"start":{"line":176,"column":16},"end":{"line":176,"column":86}},"33":{"start":{"line":177,"column":2},"end":{"line":177,"column":34}},"34":{"start":{"line":178,"column":2},"end":{"line":178,"column":71}},"35":{"start":{"line":180,"column":14},"end":{"line":180,"column":72}}},"fnMap":{"0":{"name":"_interopRequireDefault","decl":{"start":{"line":9,"column":9},"end":{"line":9,"column":31}},"loc":{"start":{"line":9,"column":35},"end":{"line":9,"column":85}},"line":9},"1":{"name":"hasOnlyValidCountryCodes","decl":{"start":{"line":106,"column":9},"end":{"line":106,"column":33}},"loc":{"start":{"line":106,"column":52},"end":{"line":114,"column":1}},"line":106},"2":{"name":"(anonymous_2)","decl":{"start":{"line":107,"column":75},"end":{"line":107,"column":76}},"loc":{"start":{"line":107,"column":98},"end":{"line":109,"column":3}},"line":107},"3":{"name":"hasValidIbanFormat","decl":{"start":{"line":128,"column":9},"end":{"line":128,"column":27}},"loc":{"start":{"line":128,"column":42},"end":{"line":149,"column":1}},"line":128},"4":{"name":"hasValidIbanChecksum","decl":{"start":{"line":164,"column":9},"end":{"line":164,"column":29}},"loc":{"start":{"line":164,"column":35},"end":{"line":174,"column":1}},"line":164},"5":{"name":"(anonymous_5)","decl":{"start":{"line":167,"column":65},"end":{"line":167,"column":66}},"loc":{"start":{"line":167,"column":81},"end":{"line":169,"column":3}},"line":167},"6":{"name":"(anonymous_6)","decl":{"start":{"line":170,"column":71},"end":{"line":170,"column":72}},"loc":{"start":{"line":170,"column":93},"end":{"line":172,"column":3}},"line":170},"7":{"name":"isIBAN","decl":{"start":{"line":175,"column":9},"end":{"line":175,"column":15}},"loc":{"start":{"line":175,"column":21},"end":{"line":179,"column":1}},"line":175}},"branchMap":{"0":{"loc":{"start":{"line":9,"column":44},"end":{"line":9,"column":82}},"type":"cond-expr","locations":[{"start":{"line":9,"column":64},"end":{"line":9,"column":65}},{"start":{"line":9,"column":68},"end":{"line":9,"column":82}}],"line":9},"1":{"loc":{"start":{"line":9,"column":44},"end":{"line":9,"column":61}},"type":"binary-expr","locations":[{"start":{"line":9,"column":44},"end":{"line":9,"column":45}},{"start":{"line":9,"column":49},"end":{"line":9,"column":61}}],"line":9},"2":{"loc":{"start":{"line":110,"column":2},"end":{"line":112,"column":3}},"type":"if","locations":[{"start":{"line":110,"column":2},"end":{"line":112,"column":3}},{"start":{"line":110,"column":2},"end":{"line":112,"column":3}}],"line":110},"3":{"loc":{"start":{"line":133,"column":2},"end":{"line":141,"column":3}},"type":"if","locations":[{"start":{"line":133,"column":2},"end":{"line":141,"column":3}},{"start":{"line":133,"column":2},"end":{"line":141,"column":3}}],"line":133},"4":{"loc":{"start":{"line":134,"column":4},"end":{"line":136,"column":5}},"type":"if","locations":[{"start":{"line":134,"column":4},"end":{"line":136,"column":5}},{"start":{"line":134,"column":4},"end":{"line":136,"column":5}}],"line":134},"5":{"loc":{"start":{"line":138,"column":4},"end":{"line":140,"column":5}},"type":"if","locations":[{"start":{"line":138,"column":4},"end":{"line":140,"column":5}},{"start":{"line":138,"column":4},"end":{"line":140,"column":5}}],"line":138},"6":{"loc":{"start":{"line":142,"column":2},"end":{"line":147,"column":3}},"type":"if","locations":[{"start":{"line":142,"column":2},"end":{"line":147,"column":3}},{"start":{"line":142,"column":2},"end":{"line":147,"column":3}}],"line":142},"7":{"loc":{"start":{"line":144,"column":4},"end":{"line":146,"column":5}},"type":"if","locations":[{"start":{"line":144,"column":4},"end":{"line":146,"column":5}},{"start":{"line":144,"column":4},"end":{"line":146,"column":5}}],"line":144},"8":{"loc":{"start":{"line":148,"column":9},"end":{"line":148,"column":109}},"type":"binary-expr","locations":[{"start":{"line":148,"column":9},"end":{"line":148,"column":44}},{"start":{"line":148,"column":48},"end":{"line":148,"column":109}}],"line":148},"9":{"loc":{"start":{"line":176,"column":16},"end":{"line":176,"column":86}},"type":"cond-expr","locations":[{"start":{"line":176,"column":69},"end":{"line":176,"column":81}},{"start":{"line":176,"column":84},"end":{"line":176,"column":86}}],"line":176},"10":{"loc":{"start":{"line":176,"column":16},"end":{"line":176,"column":66}},"type":"binary-expr","locations":[{"start":{"line":176,"column":16},"end":{"line":176,"column":36}},{"start":{"line":176,"column":40},"end":{"line":176,"column":66}}],"line":176},"11":{"loc":{"start":{"line":178,"column":9},"end":{"line":178,"column":70}},"type":"binary-expr","locations":[{"start":{"line":178,"column":9},"end":{"line":178,"column":41}},{"start":{"line":178,"column":45},"end":{"line":178,"column":70}}],"line":178}},"s":{"0":1,"1":1,"2":1,"3":1,"4":1,"5":1,"6":28,"7":56,"8":28,"9":14,"10":14,"11":86,"12":86,"13":86,"14":86,"15":28,"16":14,"17":14,"18":14,"19":12,"20":60,"21":27,"22":27,"23":1,"24":59,"25":48,"26":48,"27":48,"28":169,"29":48,"30":222,"31":48,"32":86,"33":86,"34":86,"35":1},"f":{"0":1,"1":28,"2":56,"3":86,"4":48,"5":169,"6":222,"7":86},"b":{"0":[0,1],"1":[1,1],"2":[14,14],"3":[28,58],"4":[14,14],"5":[12,2],"6":[27,33],"7":[1,26],"8":[59,57],"9":[55,31],"10":[86,55],"11":[86,48]},"_coverageSchema":"43e27e138ebf9cfc5966b082cf9a028302ed4184","hash":"84b5fdd68f6f935bfcb5a2aaa7471b9b548649dc","contentHash":"066cde563653d287cde0b8eb97dd75c99eeaa0034a81f06a50a81f4f5516742c"},"/Users/amr/web/javascript_task/validator.js/src/lib/isPassportNumber.js":{"path":"/Users/amr/web/javascript_task/validator.js/src/lib/isPassportNumber.js","statementMap":{"0":{"start":{"line":3,"column":0},"end":{"line":5,"column":3}},"1":{"start":{"line":6,"column":0},"end":{"line":6,"column":35}},"2":{"start":{"line":7,"column":0},"end":{"line":7,"column":25}},"3":{"start":{"line":8,"column":20},"end":{"line":8,"column":74}},"4":{"start":{"line":9,"column":37},"end":{"line":9,"column":83}},"5":{"start":{"line":16,"column":33},"end":{"line":136,"column":1}},"6":{"start":{"line":137,"column":14},"end":{"line":137,"column":71}},"7":{"start":{"line":148,"column":2},"end":{"line":148,"column":34}},"8":{"start":{"line":150,"column":22},"end":{"line":150,"column":58}},"9":{"start":{"line":151,"column":2},"end":{"line":151,"column":128}}},"fnMap":{"0":{"name":"_interopRequireDefault","decl":{"start":{"line":9,"column":9},"end":{"line":9,"column":31}},"loc":{"start":{"line":9,"column":35},"end":{"line":9,"column":85}},"line":9},"1":{"name":"isPassportNumber","decl":{"start":{"line":147,"column":9},"end":{"line":147,"column":25}},"loc":{"start":{"line":147,"column":44},"end":{"line":152,"column":1}},"line":147}},"branchMap":{"0":{"loc":{"start":{"line":9,"column":44},"end":{"line":9,"column":82}},"type":"cond-expr","locations":[{"start":{"line":9,"column":64},"end":{"line":9,"column":65}},{"start":{"line":9,"column":68},"end":{"line":9,"column":82}}],"line":9},"1":{"loc":{"start":{"line":9,"column":44},"end":{"line":9,"column":61}},"type":"binary-expr","locations":[{"start":{"line":9,"column":44},"end":{"line":9,"column":45}},{"start":{"line":9,"column":49},"end":{"line":9,"column":61}}],"line":9},"2":{"loc":{"start":{"line":151,"column":9},"end":{"line":151,"column":127}},"type":"binary-expr","locations":[{"start":{"line":151,"column":9},"end":{"line":151,"column":64}},{"start":{"line":151,"column":68},"end":{"line":151,"column":127}}],"line":151}},"s":{"0":1,"1":1,"2":1,"3":1,"4":1,"5":1,"6":1,"7":267,"8":267,"9":267},"f":{"0":1,"1":267},"b":{"0":[0,1],"1":[1,1],"2":[267,267]},"_coverageSchema":"43e27e138ebf9cfc5966b082cf9a028302ed4184","hash":"b9d1257b9e133c7396753f49c4ff45fe11c3817f","contentHash":"9c5d2390158048b8b049f28bd53cc1b2f6a541db960d9e03274db518e4ca7597"},"/Users/amr/web/javascript_task/validator.js/src/index.js":{"path":"/Users/amr/web/javascript_task/validator.js/src/index.js","statementMap":{"0":{"start":{"line":3,"column":49},"end":{"line":3,"column":316}},"1":{"start":{"line":3,"column":149},"end":{"line":3,"column":165}},"2":{"start":{"line":3,"column":185},"end":{"line":3,"column":301}},"3":{"start":{"line":4,"column":0},"end":{"line":6,"column":3}},"4":{"start":{"line":7,"column":0},"end":{"line":7,"column":25}},"5":{"start":{"line":8,"column":14},"end":{"line":8,"column":61}},"6":{"start":{"line":9,"column":15},"end":{"line":9,"column":63}},"7":{"start":{"line":10,"column":13},"end":{"line":10,"column":59}},"8":{"start":{"line":11,"column":17},"end":{"line":11,"column":67}},"9":{"start":{"line":12,"column":14},"end":{"line":12,"column":61}},"10":{"start":{"line":13,"column":16},"end":{"line":13,"column":65}},"11":{"start":{"line":14,"column":15},"end":{"line":14,"column":63}},"12":{"start":{"line":15,"column":15},"end":{"line":15,"column":63}},"13":{"start":{"line":16,"column":13},"end":{"line":16,"column":59}},"14":{"start":{"line":17,"column":20},"end":{"line":17,"column":73}},"15":{"start":{"line":18,"column":12},"end":{"line":18,"column":57}},"16":{"start":{"line":19,"column":17},"end":{"line":19,"column":67}},"17":{"start":{"line":20,"column":14},"end":{"line":20,"column":61}},"18":{"start":{"line":21,"column":14},"end":{"line":21,"column":61}},"19":{"start":{"line":22,"column":14},"end":{"line":22,"column":61}},"20":{"start":{"line":23,"column":17},"end":{"line":23,"column":67}},"21":{"start":{"line":24,"column":16},"end":{"line":24,"column":65}},"22":{"start":{"line":25,"column":20},"end":{"line":25,"column":73}},"23":{"start":{"line":26,"column":15},"end":{"line":26,"column":64}},"24":{"start":{"line":27,"column":22},"end":{"line":27,"column":78}},"25":{"start":{"line":28,"column":17},"end":{"line":28,"column":67}},"26":{"start":{"line":29,"column":24},"end":{"line":29,"column":82}},"27":{"start":{"line":30,"column":14},"end":{"line":30,"column":61}},"28":{"start":{"line":31,"column":19},"end":{"line":31,"column":71}},"29":{"start":{"line":32,"column":19},"end":{"line":32,"column":71}},"30":{"start":{"line":33,"column":14},"end":{"line":33,"column":61}},"31":{"start":{"line":34,"column":15},"end":{"line":34,"column":63}},"32":{"start":{"line":35,"column":19},"end":{"line":35,"column":71}},"33":{"start":{"line":36,"column":19},"end":{"line":36,"column":71}},"34":{"start":{"line":37,"column":23},"end":{"line":37,"column":79}},"35":{"start":{"line":38,"column":19},"end":{"line":38,"column":71}},"36":{"start":{"line":39,"column":16},"end":{"line":39,"column":65}},"37":{"start":{"line":40,"column":23},"end":{"line":40,"column":79}},"38":{"start":{"line":41,"column":13},"end":{"line":41,"column":59}},"39":{"start":{"line":42,"column":15},"end":{"line":42,"column":64}},"40":{"start":{"line":43,"column":17},"end":{"line":43,"column":67}},"41":{"start":{"line":44,"column":21},"end":{"line":44,"column":75}},"42":{"start":{"line":45,"column":15},"end":{"line":45,"column":63}},"43":{"start":{"line":46,"column":21},"end":{"line":46,"column":75}},"44":{"start":{"line":47,"column":18},"end":{"line":47,"column":69}},"45":{"start":{"line":48,"column":18},"end":{"line":48,"column":69}},"46":{"start":{"line":49,"column":13},"end":{"line":49,"column":59}},"47":{"start":{"line":50,"column":14},"end":{"line":50,"column":61}},"48":{"start":{"line":51,"column":14},"end":{"line":51,"column":62}},"49":{"start":{"line":52,"column":13},"end":{"line":52,"column":59}},"50":{"start":{"line":53,"column":12},"end":{"line":53,"column":58}},"51":{"start":{"line":54,"column":14},"end":{"line":54,"column":61}},"52":{"start":{"line":55,"column":13},"end":{"line":55,"column":59}},"53":{"start":{"line":56,"column":14},"end":{"line":56,"column":61}},"54":{"start":{"line":57,"column":15},"end":{"line":57,"column":63}},"55":{"start":{"line":58,"column":16},"end":{"line":58,"column":65}},"56":{"start":{"line":59,"column":20},"end":{"line":59,"column":73}},"57":{"start":{"line":60,"column":14},"end":{"line":60,"column":61}},"58":{"start":{"line":61,"column":14},"end":{"line":61,"column":61}},"59":{"start":{"line":62,"column":17},"end":{"line":62,"column":67}},"60":{"start":{"line":63,"column":15},"end":{"line":63,"column":63}},"61":{"start":{"line":64,"column":16},"end":{"line":64,"column":65}},"62":{"start":{"line":65,"column":12},"end":{"line":65,"column":57}},"63":{"start":{"line":66,"column":20},"end":{"line":66,"column":73}},"64":{"start":{"line":67,"column":20},"end":{"line":67,"column":73}},"65":{"start":{"line":68,"column":22},"end":{"line":68,"column":77}},"66":{"start":{"line":69,"column":13},"end":{"line":69,"column":59}},"67":{"start":{"line":70,"column":14},"end":{"line":70,"column":61}},"68":{"start":{"line":71,"column":14},"end":{"line":71,"column":61}},"69":{"start":{"line":72,"column":14},"end":{"line":72,"column":61}},"70":{"start":{"line":73,"column":15},"end":{"line":73,"column":63}},"71":{"start":{"line":74,"column":21},"end":{"line":74,"column":76}},"72":{"start":{"line":75,"column":25},"end":{"line":75,"column":83}},"73":{"start":{"line":76,"column":18},"end":{"line":76,"column":69}},"74":{"start":{"line":77,"column":20},"end":{"line":77,"column":73}},"75":{"start":{"line":78,"column":13},"end":{"line":78,"column":39}},"76":{"start":{"line":79,"column":14},"end":{"line":79,"column":64}},"77":{"start":{"line":80,"column":14},"end":{"line":80,"column":64}},"78":{"start":{"line":81,"column":13},"end":{"line":81,"column":63}},"79":{"start":{"line":82,"column":23},"end":{"line":82,"column":80}},"80":{"start":{"line":83,"column":24},"end":{"line":83,"column":81}},"81":{"start":{"line":84,"column":25},"end":{"line":84,"column":83}},"82":{"start":{"line":85,"column":14},"end":{"line":85,"column":64}},"83":{"start":{"line":86,"column":14},"end":{"line":86,"column":63}},"84":{"start":{"line":87,"column":15},"end":{"line":87,"column":64}},"85":{"start":{"line":88,"column":15},"end":{"line":88,"column":64}},"86":{"start":{"line":89,"column":17},"end":{"line":89,"column":67}},"87":{"start":{"line":90,"column":19},"end":{"line":90,"column":71}},"88":{"start":{"line":91,"column":19},"end":{"line":91,"column":71}},"89":{"start":{"line":92,"column":18},"end":{"line":92,"column":69}},"90":{"start":{"line":93,"column":17},"end":{"line":93,"column":67}},"91":{"start":{"line":94,"column":20},"end":{"line":94,"column":74}},"92":{"start":{"line":95,"column":13},"end":{"line":95,"column":59}},"93":{"start":{"line":96,"column":13},"end":{"line":96,"column":59}},"94":{"start":{"line":97,"column":12},"end":{"line":97,"column":57}},"95":{"start":{"line":98,"column":14},"end":{"line":98,"column":61}},"96":{"start":{"line":99,"column":16},"end":{"line":99,"column":65}},"97":{"start":{"line":100,"column":16},"end":{"line":100,"column":65}},"98":{"start":{"line":101,"column":17},"end":{"line":101,"column":67}},"99":{"start":{"line":102,"column":17},"end":{"line":102,"column":67}},"100":{"start":{"line":103,"column":21},"end":{"line":103,"column":75}},"101":{"start":{"line":104,"column":22},"end":{"line":104,"column":77}},"102":{"start":{"line":105,"column":14},"end":{"line":105,"column":61}},"103":{"start":{"line":106,"column":22},"end":{"line":106,"column":77}},"104":{"start":{"line":107,"column":24},"end":{"line":107,"column":81}},"105":{"start":{"line":108,"column":13},"end":{"line":108,"column":59}},"106":{"start":{"line":109,"column":39},"end":{"line":109,"column":85}},"107":{"start":{"line":109,"column":73},"end":{"line":109,"column":85}},"108":{"start":{"line":109,"column":94},"end":{"line":109,"column":107}},"109":{"start":{"line":109,"column":113},"end":{"line":109,"column":126}},"110":{"start":{"line":109,"column":128},"end":{"line":109,"column":226}},"111":{"start":{"line":109,"column":202},"end":{"line":109,"column":219}},"112":{"start":{"line":110,"column":41},"end":{"line":110,"column":79}},"113":{"start":{"line":110,"column":70},"end":{"line":110,"column":79}},"114":{"start":{"line":110,"column":80},"end":{"line":110,"column":170}},"115":{"start":{"line":110,"column":148},"end":{"line":110,"column":170}},"116":{"start":{"line":110,"column":179},"end":{"line":110,"column":206}},"117":{"start":{"line":110,"column":208},"end":{"line":110,"column":243}},"118":{"start":{"line":110,"column":227},"end":{"line":110,"column":243}},"119":{"start":{"line":110,"column":252},"end":{"line":110,"column":271}},"120":{"start":{"line":110,"column":277},"end":{"line":110,"column":333}},"121":{"start":{"line":110,"column":335},"end":{"line":110,"column":536}},"122":{"start":{"line":110,"column":352},"end":{"line":110,"column":536}},"123":{"start":{"line":110,"column":415},"end":{"line":110,"column":463}},"124":{"start":{"line":110,"column":465},"end":{"line":110,"column":534}},"125":{"start":{"line":110,"column":537},"end":{"line":110,"column":579}},"126":{"start":{"line":111,"column":37},"end":{"line":111,"column":83}},"127":{"start":{"line":112,"column":14},"end":{"line":112,"column":23}},"128":{"start":{"line":113,"column":16},"end":{"line":225,"column":1}},"129":{"start":{"line":226,"column":15},"end":{"line":226,"column":42}},"130":{"start":{"line":227,"column":0},"end":{"line":227,"column":33}},"131":{"start":{"line":228,"column":0},"end":{"line":228,"column":41}}},"fnMap":{"0":{"name":"_typeof","decl":{"start":{"line":3,"column":9},"end":{"line":3,"column":16}},"loc":{"start":{"line":3,"column":20},"end":{"line":3,"column":318}},"line":3},"1":{"name":"(anonymous_1)","decl":{"start":{"line":3,"column":134},"end":{"line":3,"column":135}},"loc":{"start":{"line":3,"column":147},"end":{"line":3,"column":167}},"line":3},"2":{"name":"(anonymous_2)","decl":{"start":{"line":3,"column":170},"end":{"line":3,"column":171}},"loc":{"start":{"line":3,"column":183},"end":{"line":3,"column":303}},"line":3},"3":{"name":"_getRequireWildcardCache","decl":{"start":{"line":109,"column":9},"end":{"line":109,"column":33}},"loc":{"start":{"line":109,"column":37},"end":{"line":109,"column":228}},"line":109},"4":{"name":"_getRequireWildcardCache","decl":{"start":{"line":109,"column":172},"end":{"line":109,"column":196}},"loc":{"start":{"line":109,"column":200},"end":{"line":109,"column":221}},"line":109},"5":{"name":"_interopRequireWildcard","decl":{"start":{"line":110,"column":9},"end":{"line":110,"column":32}},"loc":{"start":{"line":110,"column":39},"end":{"line":110,"column":581}},"line":110},"6":{"name":"_interopRequireDefault","decl":{"start":{"line":111,"column":9},"end":{"line":111,"column":31}},"loc":{"start":{"line":111,"column":35},"end":{"line":111,"column":85}},"line":111}},"branchMap":{"0":{"loc":{"start":{"line":3,"column":66},"end":{"line":3,"column":303}},"type":"cond-expr","locations":[{"start":{"line":3,"column":134},"end":{"line":3,"column":167}},{"start":{"line":3,"column":170},"end":{"line":3,"column":303}}],"line":3},"1":{"loc":{"start":{"line":3,"column":66},"end":{"line":3,"column":131}},"type":"binary-expr","locations":[{"start":{"line":3,"column":66},"end":{"line":3,"column":93}},{"start":{"line":3,"column":97},"end":{"line":3,"column":131}}],"line":3},"2":{"loc":{"start":{"line":3,"column":192},"end":{"line":3,"column":300}},"type":"cond-expr","locations":[{"start":{"line":3,"column":281},"end":{"line":3,"column":289}},{"start":{"line":3,"column":292},"end":{"line":3,"column":300}}],"line":3},"3":{"loc":{"start":{"line":3,"column":192},"end":{"line":3,"column":278}},"type":"binary-expr","locations":[{"start":{"line":3,"column":192},"end":{"line":3,"column":193}},{"start":{"line":3,"column":197},"end":{"line":3,"column":224}},{"start":{"line":3,"column":228},"end":{"line":3,"column":252}},{"start":{"line":3,"column":256},"end":{"line":3,"column":278}}],"line":3},"4":{"loc":{"start":{"line":109,"column":39},"end":{"line":109,"column":85}},"type":"if","locations":[{"start":{"line":109,"column":39},"end":{"line":109,"column":85}},{"start":{"line":109,"column":39},"end":{"line":109,"column":85}}],"line":109},"5":{"loc":{"start":{"line":109,"column":209},"end":{"line":109,"column":218}},"type":"cond-expr","locations":[{"start":{"line":109,"column":213},"end":{"line":109,"column":214}},{"start":{"line":109,"column":217},"end":{"line":109,"column":218}}],"line":109},"6":{"loc":{"start":{"line":110,"column":41},"end":{"line":110,"column":79}},"type":"if","locations":[{"start":{"line":110,"column":41},"end":{"line":110,"column":79}},{"start":{"line":110,"column":41},"end":{"line":110,"column":79}}],"line":110},"7":{"loc":{"start":{"line":110,"column":45},"end":{"line":110,"column":68}},"type":"binary-expr","locations":[{"start":{"line":110,"column":45},"end":{"line":110,"column":47}},{"start":{"line":110,"column":51},"end":{"line":110,"column":52}},{"start":{"line":110,"column":56},"end":{"line":110,"column":68}}],"line":110},"8":{"loc":{"start":{"line":110,"column":80},"end":{"line":110,"column":170}},"type":"if","locations":[{"start":{"line":110,"column":80},"end":{"line":110,"column":170}},{"start":{"line":110,"column":80},"end":{"line":110,"column":170}}],"line":110},"9":{"loc":{"start":{"line":110,"column":84},"end":{"line":110,"column":146}},"type":"binary-expr","locations":[{"start":{"line":110,"column":84},"end":{"line":110,"column":94}},{"start":{"line":110,"column":98},"end":{"line":110,"column":120}},{"start":{"line":110,"column":124},"end":{"line":110,"column":146}}],"line":110},"10":{"loc":{"start":{"line":110,"column":208},"end":{"line":110,"column":243}},"type":"if","locations":[{"start":{"line":110,"column":208},"end":{"line":110,"column":243}},{"start":{"line":110,"column":208},"end":{"line":110,"column":243}}],"line":110},"11":{"loc":{"start":{"line":110,"column":212},"end":{"line":110,"column":225}},"type":"binary-expr","locations":[{"start":{"line":110,"column":212},"end":{"line":110,"column":213}},{"start":{"line":110,"column":217},"end":{"line":110,"column":225}}],"line":110},"12":{"loc":{"start":{"line":110,"column":277},"end":{"line":110,"column":333}},"type":"binary-expr","locations":[{"start":{"line":110,"column":277},"end":{"line":110,"column":298}},{"start":{"line":110,"column":302},"end":{"line":110,"column":333}}],"line":110},"13":{"loc":{"start":{"line":110,"column":352},"end":{"line":110,"column":536}},"type":"if","locations":[{"start":{"line":110,"column":352},"end":{"line":110,"column":536}},{"start":{"line":110,"column":352},"end":{"line":110,"column":536}}],"line":110},"14":{"loc":{"start":{"line":110,"column":356},"end":{"line":110,"column":403}},"type":"binary-expr","locations":[{"start":{"line":110,"column":356},"end":{"line":110,"column":371}},{"start":{"line":110,"column":375},"end":{"line":110,"column":403}}],"line":110},"15":{"loc":{"start":{"line":110,"column":415},"end":{"line":110,"column":463}},"type":"cond-expr","locations":[{"start":{"line":110,"column":419},"end":{"line":110,"column":456}},{"start":{"line":110,"column":459},"end":{"line":110,"column":463}}],"line":110},"16":{"loc":{"start":{"line":110,"column":465},"end":{"line":110,"column":533}},"type":"cond-expr","locations":[{"start":{"line":110,"column":489},"end":{"line":110,"column":519}},{"start":{"line":110,"column":522},"end":{"line":110,"column":533}}],"line":110},"17":{"loc":{"start":{"line":110,"column":465},"end":{"line":110,"column":486}},"type":"binary-expr","locations":[{"start":{"line":110,"column":465},"end":{"line":110,"column":466}},{"start":{"line":110,"column":471},"end":{"line":110,"column":476}},{"start":{"line":110,"column":480},"end":{"line":110,"column":485}}],"line":110},"18":{"loc":{"start":{"line":110,"column":559},"end":{"line":110,"column":575}},"type":"binary-expr","locations":[{"start":{"line":110,"column":559},"end":{"line":110,"column":560}},{"start":{"line":110,"column":564},"end":{"line":110,"column":575}}],"line":110},"19":{"loc":{"start":{"line":111,"column":44},"end":{"line":111,"column":82}},"type":"cond-expr","locations":[{"start":{"line":111,"column":64},"end":{"line":111,"column":65}},{"start":{"line":111,"column":68},"end":{"line":111,"column":82}}],"line":111},"20":{"loc":{"start":{"line":111,"column":44},"end":{"line":111,"column":61}},"type":"binary-expr","locations":[{"start":{"line":111,"column":44},"end":{"line":111,"column":45}},{"start":{"line":111,"column":49},"end":{"line":111,"column":61}}],"line":111}},"s":{"0":0,"1":0,"2":0,"3":1,"4":1,"5":1,"6":1,"7":1,"8":1,"9":1,"10":1,"11":1,"12":1,"13":1,"14":1,"15":1,"16":1,"17":1,"18":1,"19":1,"20":1,"21":1,"22":1,"23":1,"24":1,"25":1,"26":1,"27":1,"28":1,"29":1,"30":1,"31":1,"32":1,"33":1,"34":1,"35":1,"36":1,"37":1,"38":1,"39":1,"40":1,"41":1,"42":1,"43":1,"44":1,"45":1,"46":1,"47":1,"48":1,"49":1,"50":1,"51":1,"52":1,"53":1,"54":1,"55":1,"56":1,"57":1,"58":1,"59":1,"60":1,"61":1,"62":1,"63":1,"64":1,"65":1,"66":1,"67":1,"68":1,"69":1,"70":1,"71":1,"72":1,"73":1,"74":1,"75":1,"76":1,"77":1,"78":1,"79":1,"80":1,"81":1,"82":1,"83":1,"84":1,"85":1,"86":1,"87":1,"88":1,"89":1,"90":1,"91":1,"92":1,"93":1,"94":1,"95":1,"96":1,"97":1,"98":1,"99":1,"100":1,"101":1,"102":1,"103":1,"104":1,"105":1,"106":0,"107":0,"108":0,"109":0,"110":0,"111":0,"112":7,"113":7,"114":0,"115":0,"116":0,"117":0,"118":0,"119":0,"120":0,"121":0,"122":0,"123":0,"124":0,"125":0,"126":93,"127":1,"128":1,"129":1,"130":1,"131":1},"f":{"0":0,"1":0,"2":0,"3":0,"4":0,"5":7,"6":93},"b":{"0":[0,0],"1":[0,0],"2":[0,0],"3":[0,0,0,0],"4":[0,0],"5":[0,0],"6":[7,0],"7":[7,7,7],"8":[0,0],"9":[0,0,0],"10":[0,0],"11":[0,0],"12":[0,0],"13":[0,0],"14":[0,0],"15":[0,0],"16":[0,0],"17":[0,0,0],"18":[0,0],"19":[5,88],"20":[93,93]},"_coverageSchema":"43e27e138ebf9cfc5966b082cf9a028302ed4184","hash":"430c659151d50ec54433b485e93e2a95ed01810d","contentHash":"0851c3dcc1aca5ef52742063a9d6048fddc89f9622bf3ddc33604f73420fec60"},"/Users/amr/web/javascript_task/validator.js/src/lib/toDate.js":{"path":"/Users/amr/web/javascript_task/validator.js/src/lib/toDate.js","statementMap":{"0":{"start":{"line":3,"column":0},"end":{"line":5,"column":3}},"1":{"start":{"line":6,"column":0},"end":{"line":6,"column":25}},"2":{"start":{"line":7,"column":20},"end":{"line":7,"column":74}},"3":{"start":{"line":8,"column":37},"end":{"line":8,"column":83}},"4":{"start":{"line":10,"column":2},"end":{"line":10,"column":35}},"5":{"start":{"line":11,"column":2},"end":{"line":11,"column":26}},"6":{"start":{"line":12,"column":2},"end":{"line":12,"column":46}},"7":{"start":{"line":14,"column":0},"end":{"line":14,"column":33}},"8":{"start":{"line":15,"column":0},"end":{"line":15,"column":41}}},"fnMap":{"0":{"name":"_interopRequireDefault","decl":{"start":{"line":8,"column":9},"end":{"line":8,"column":31}},"loc":{"start":{"line":8,"column":35},"end":{"line":8,"column":85}},"line":8},"1":{"name":"toDate","decl":{"start":{"line":9,"column":9},"end":{"line":9,"column":15}},"loc":{"start":{"line":9,"column":22},"end":{"line":13,"column":1}},"line":9}},"branchMap":{"0":{"loc":{"start":{"line":8,"column":44},"end":{"line":8,"column":82}},"type":"cond-expr","locations":[{"start":{"line":8,"column":64},"end":{"line":8,"column":65}},{"start":{"line":8,"column":68},"end":{"line":8,"column":82}}],"line":8},"1":{"loc":{"start":{"line":8,"column":44},"end":{"line":8,"column":61}},"type":"binary-expr","locations":[{"start":{"line":8,"column":44},"end":{"line":8,"column":45}},{"start":{"line":8,"column":49},"end":{"line":8,"column":61}}],"line":8},"2":{"loc":{"start":{"line":12,"column":9},"end":{"line":12,"column":45}},"type":"cond-expr","locations":[{"start":{"line":12,"column":24},"end":{"line":12,"column":38}},{"start":{"line":12,"column":41},"end":{"line":12,"column":45}}],"line":12}},"s":{"0":1,"1":1,"2":1,"3":1,"4":94,"5":94,"6":94,"7":1,"8":1},"f":{"0":1,"1":94},"b":{"0":[0,1],"1":[1,1],"2":[80,14]},"_coverageSchema":"43e27e138ebf9cfc5966b082cf9a028302ed4184","hash":"4a0fa394345a08663457441eb67c389fda7a0f40","contentHash":"b815aebe12c7a0349f18c244b7f928cbd3bfc74cc55543db56317c080416c7aa"},"/Users/amr/web/javascript_task/validator.js/src/lib/toFloat.js":{"path":"/Users/amr/web/javascript_task/validator.js/src/lib/toFloat.js","statementMap":{"0":{"start":{"line":3,"column":0},"end":{"line":5,"column":3}},"1":{"start":{"line":6,"column":0},"end":{"line":6,"column":26}},"2":{"start":{"line":7,"column":15},"end":{"line":7,"column":59}},"3":{"start":{"line":8,"column":37},"end":{"line":8,"column":83}},"4":{"start":{"line":10,"column":2},"end":{"line":10,"column":46}},"5":{"start":{"line":10,"column":35},"end":{"line":10,"column":46}},"6":{"start":{"line":11,"column":2},"end":{"line":11,"column":25}},"7":{"start":{"line":13,"column":0},"end":{"line":13,"column":33}},"8":{"start":{"line":14,"column":0},"end":{"line":14,"column":41}}},"fnMap":{"0":{"name":"_interopRequireDefault","decl":{"start":{"line":8,"column":9},"end":{"line":8,"column":31}},"loc":{"start":{"line":8,"column":35},"end":{"line":8,"column":85}},"line":8},"1":{"name":"toFloat","decl":{"start":{"line":9,"column":9},"end":{"line":9,"column":16}},"loc":{"start":{"line":9,"column":22},"end":{"line":12,"column":1}},"line":9}},"branchMap":{"0":{"loc":{"start":{"line":8,"column":44},"end":{"line":8,"column":82}},"type":"cond-expr","locations":[{"start":{"line":8,"column":64},"end":{"line":8,"column":65}},{"start":{"line":8,"column":68},"end":{"line":8,"column":82}}],"line":8},"1":{"loc":{"start":{"line":8,"column":44},"end":{"line":8,"column":61}},"type":"binary-expr","locations":[{"start":{"line":8,"column":44},"end":{"line":8,"column":45}},{"start":{"line":8,"column":49},"end":{"line":8,"column":61}}],"line":8},"2":{"loc":{"start":{"line":10,"column":2},"end":{"line":10,"column":46}},"type":"if","locations":[{"start":{"line":10,"column":2},"end":{"line":10,"column":46}},{"start":{"line":10,"column":2},"end":{"line":10,"column":46}}],"line":10}},"s":{"0":1,"1":1,"2":1,"3":1,"4":16,"5":5,"6":11,"7":1,"8":1},"f":{"0":1,"1":16},"b":{"0":[1,0],"1":[1,1],"2":[5,11]},"_coverageSchema":"43e27e138ebf9cfc5966b082cf9a028302ed4184","hash":"2c9e805322bcb4c9ee2ac9a2e8016b31e8b2d32e","contentHash":"3ea3e5eb0d305a4ae79fa127e4d2e14a2149738d922fb98b1f5a84abc5c78c53"},"/Users/amr/web/javascript_task/validator.js/src/lib/toInt.js":{"path":"/Users/amr/web/javascript_task/validator.js/src/lib/toInt.js","statementMap":{"0":{"start":{"line":3,"column":0},"end":{"line":5,"column":3}},"1":{"start":{"line":6,"column":0},"end":{"line":6,"column":24}},"2":{"start":{"line":7,"column":20},"end":{"line":7,"column":74}},"3":{"start":{"line":8,"column":37},"end":{"line":8,"column":83}},"4":{"start":{"line":10,"column":2},"end":{"line":10,"column":34}},"5":{"start":{"line":11,"column":2},"end":{"line":11,"column":36}},"6":{"start":{"line":13,"column":0},"end":{"line":13,"column":33}},"7":{"start":{"line":14,"column":0},"end":{"line":14,"column":41}}},"fnMap":{"0":{"name":"_interopRequireDefault","decl":{"start":{"line":8,"column":9},"end":{"line":8,"column":31}},"loc":{"start":{"line":8,"column":35},"end":{"line":8,"column":85}},"line":8},"1":{"name":"toInt","decl":{"start":{"line":9,"column":9},"end":{"line":9,"column":14}},"loc":{"start":{"line":9,"column":27},"end":{"line":12,"column":1}},"line":9}},"branchMap":{"0":{"loc":{"start":{"line":8,"column":44},"end":{"line":8,"column":82}},"type":"cond-expr","locations":[{"start":{"line":8,"column":64},"end":{"line":8,"column":65}},{"start":{"line":8,"column":68},"end":{"line":8,"column":82}}],"line":8},"1":{"loc":{"start":{"line":8,"column":44},"end":{"line":8,"column":61}},"type":"binary-expr","locations":[{"start":{"line":8,"column":44},"end":{"line":8,"column":45}},{"start":{"line":8,"column":49},"end":{"line":8,"column":61}}],"line":8},"2":{"loc":{"start":{"line":11,"column":23},"end":{"line":11,"column":34}},"type":"binary-expr","locations":[{"start":{"line":11,"column":23},"end":{"line":11,"column":28}},{"start":{"line":11,"column":32},"end":{"line":11,"column":34}}],"line":11}},"s":{"0":1,"1":1,"2":1,"3":1,"4":5,"5":5,"6":1,"7":1},"f":{"0":1,"1":5},"b":{"0":[0,1],"1":[1,1],"2":[5,4]},"_coverageSchema":"43e27e138ebf9cfc5966b082cf9a028302ed4184","hash":"3a3bc91f57c8ad95283ac2286e9cbb8f22302ebe","contentHash":"7ce90b629250dec7d5367e63ecface3fd89f26345628b5adfd98fe446278e9ac"},"/Users/amr/web/javascript_task/validator.js/src/lib/toBoolean.js":{"path":"/Users/amr/web/javascript_task/validator.js/src/lib/toBoolean.js","statementMap":{"0":{"start":{"line":3,"column":0},"end":{"line":5,"column":3}},"1":{"start":{"line":6,"column":0},"end":{"line":6,"column":28}},"2":{"start":{"line":7,"column":20},"end":{"line":7,"column":74}},"3":{"start":{"line":8,"column":37},"end":{"line":8,"column":83}},"4":{"start":{"line":10,"column":2},"end":{"line":10,"column":34}},"5":{"start":{"line":11,"column":2},"end":{"line":13,"column":3}},"6":{"start":{"line":12,"column":4},"end":{"line":12,"column":46}},"7":{"start":{"line":14,"column":2},"end":{"line":14,"column":60}},"8":{"start":{"line":16,"column":0},"end":{"line":16,"column":33}},"9":{"start":{"line":17,"column":0},"end":{"line":17,"column":41}}},"fnMap":{"0":{"name":"_interopRequireDefault","decl":{"start":{"line":8,"column":9},"end":{"line":8,"column":31}},"loc":{"start":{"line":8,"column":35},"end":{"line":8,"column":85}},"line":8},"1":{"name":"toBoolean","decl":{"start":{"line":9,"column":9},"end":{"line":9,"column":18}},"loc":{"start":{"line":9,"column":32},"end":{"line":15,"column":1}},"line":9}},"branchMap":{"0":{"loc":{"start":{"line":8,"column":44},"end":{"line":8,"column":82}},"type":"cond-expr","locations":[{"start":{"line":8,"column":64},"end":{"line":8,"column":65}},{"start":{"line":8,"column":68},"end":{"line":8,"column":82}}],"line":8},"1":{"loc":{"start":{"line":8,"column":44},"end":{"line":8,"column":61}},"type":"binary-expr","locations":[{"start":{"line":8,"column":44},"end":{"line":8,"column":45}},{"start":{"line":8,"column":49},"end":{"line":8,"column":61}}],"line":8},"2":{"loc":{"start":{"line":11,"column":2},"end":{"line":13,"column":3}},"type":"if","locations":[{"start":{"line":11,"column":2},"end":{"line":13,"column":3}},{"start":{"line":11,"column":2},"end":{"line":13,"column":3}}],"line":11},"3":{"loc":{"start":{"line":12,"column":11},"end":{"line":12,"column":45}},"type":"binary-expr","locations":[{"start":{"line":12,"column":11},"end":{"line":12,"column":22}},{"start":{"line":12,"column":26},"end":{"line":12,"column":45}}],"line":12},"4":{"loc":{"start":{"line":14,"column":9},"end":{"line":14,"column":59}},"type":"binary-expr","locations":[{"start":{"line":14,"column":9},"end":{"line":14,"column":20}},{"start":{"line":14,"column":24},"end":{"line":14,"column":45}},{"start":{"line":14,"column":49},"end":{"line":14,"column":59}}],"line":14}},"s":{"0":1,"1":1,"2":1,"3":1,"4":22,"5":22,"6":11,"7":11,"8":1,"9":1},"f":{"0":1,"1":22},"b":{"0":[0,1],"1":[1,1],"2":[11,11],"3":[11,10],"4":[11,10,7]},"_coverageSchema":"43e27e138ebf9cfc5966b082cf9a028302ed4184","hash":"eaccabc73800287878347358cd512b5e9f1296cf","contentHash":"6f819b2eb6da9be7fb3f4e611767e777cd7461b986eb82c660d4fba4900c560b"},"/Users/amr/web/javascript_task/validator.js/src/lib/equals.js":{"path":"/Users/amr/web/javascript_task/validator.js/src/lib/equals.js","statementMap":{"0":{"start":{"line":3,"column":0},"end":{"line":5,"column":3}},"1":{"start":{"line":6,"column":0},"end":{"line":6,"column":25}},"2":{"start":{"line":7,"column":20},"end":{"line":7,"column":74}},"3":{"start":{"line":8,"column":37},"end":{"line":8,"column":83}},"4":{"start":{"line":10,"column":2},"end":{"line":10,"column":34}},"5":{"start":{"line":11,"column":2},"end":{"line":11,"column":28}},"6":{"start":{"line":13,"column":0},"end":{"line":13,"column":33}},"7":{"start":{"line":14,"column":0},"end":{"line":14,"column":41}}},"fnMap":{"0":{"name":"_interopRequireDefault","decl":{"start":{"line":8,"column":9},"end":{"line":8,"column":31}},"loc":{"start":{"line":8,"column":35},"end":{"line":8,"column":85}},"line":8},"1":{"name":"equals","decl":{"start":{"line":9,"column":9},"end":{"line":9,"column":15}},"loc":{"start":{"line":9,"column":33},"end":{"line":12,"column":1}},"line":9}},"branchMap":{"0":{"loc":{"start":{"line":8,"column":44},"end":{"line":8,"column":82}},"type":"cond-expr","locations":[{"start":{"line":8,"column":64},"end":{"line":8,"column":65}},{"start":{"line":8,"column":68},"end":{"line":8,"column":82}}],"line":8},"1":{"loc":{"start":{"line":8,"column":44},"end":{"line":8,"column":61}},"type":"binary-expr","locations":[{"start":{"line":8,"column":44},"end":{"line":8,"column":45}},{"start":{"line":8,"column":49},"end":{"line":8,"column":61}}],"line":8}},"s":{"0":1,"1":1,"2":1,"3":1,"4":3,"5":3,"6":1,"7":1},"f":{"0":1,"1":3},"b":{"0":[0,1],"1":[1,1]},"_coverageSchema":"43e27e138ebf9cfc5966b082cf9a028302ed4184","hash":"d5da7d8f5438e27924e49dabd04ee11010148054","contentHash":"3d47131150a4f6b28a4bf62625bf5aa0c61d7333331fc78813b092db681dc399"},"/Users/amr/web/javascript_task/validator.js/src/lib/contains.js":{"path":"/Users/amr/web/javascript_task/validator.js/src/lib/contains.js","statementMap":{"0":{"start":{"line":3,"column":0},"end":{"line":5,"column":3}},"1":{"start":{"line":6,"column":0},"end":{"line":6,"column":27}},"2":{"start":{"line":7,"column":20},"end":{"line":7,"column":74}},"3":{"start":{"line":8,"column":16},"end":{"line":8,"column":66}},"4":{"start":{"line":9,"column":13},"end":{"line":9,"column":60}},"5":{"start":{"line":10,"column":37},"end":{"line":10,"column":83}},"6":{"start":{"line":11,"column":29},"end":{"line":14,"column":1}},"7":{"start":{"line":16,"column":2},"end":{"line":16,"column":34}},"8":{"start":{"line":17,"column":2},"end":{"line":17,"column":65}},"9":{"start":{"line":18,"column":2},"end":{"line":20,"column":3}},"10":{"start":{"line":19,"column":4},"end":{"line":19,"column":111}},"11":{"start":{"line":21,"column":2},"end":{"line":21,"column":81}},"12":{"start":{"line":23,"column":0},"end":{"line":23,"column":33}},"13":{"start":{"line":24,"column":0},"end":{"line":24,"column":41}}},"fnMap":{"0":{"name":"_interopRequireDefault","decl":{"start":{"line":10,"column":9},"end":{"line":10,"column":31}},"loc":{"start":{"line":10,"column":35},"end":{"line":10,"column":85}},"line":10},"1":{"name":"contains","decl":{"start":{"line":15,"column":9},"end":{"line":15,"column":17}},"loc":{"start":{"line":15,"column":38},"end":{"line":22,"column":1}},"line":15}},"branchMap":{"0":{"loc":{"start":{"line":10,"column":44},"end":{"line":10,"column":82}},"type":"cond-expr","locations":[{"start":{"line":10,"column":64},"end":{"line":10,"column":65}},{"start":{"line":10,"column":68},"end":{"line":10,"column":82}}],"line":10},"1":{"loc":{"start":{"line":10,"column":44},"end":{"line":10,"column":61}},"type":"binary-expr","locations":[{"start":{"line":10,"column":44},"end":{"line":10,"column":45}},{"start":{"line":10,"column":49},"end":{"line":10,"column":61}}],"line":10},"2":{"loc":{"start":{"line":18,"column":2},"end":{"line":20,"column":3}},"type":"if","locations":[{"start":{"line":18,"column":2},"end":{"line":20,"column":3}},{"start":{"line":18,"column":2},"end":{"line":20,"column":3}}],"line":18}},"s":{"0":1,"1":1,"2":1,"3":1,"4":1,"5":3,"6":1,"7":19,"8":19,"9":19,"10":6,"11":13,"12":1,"13":1},"f":{"0":3,"1":19},"b":{"0":[0,3],"1":[3,3],"2":[6,13]},"_coverageSchema":"43e27e138ebf9cfc5966b082cf9a028302ed4184","hash":"e69bcaeeb76367626cc489c968f039589d7539ac","contentHash":"04eb8ab054982a8b415fe3351c46aba3c5cdab23400473804d53beb6a523b1e8"},"/Users/amr/web/javascript_task/validator.js/src/lib/util/toString.js":{"path":"/Users/amr/web/javascript_task/validator.js/src/lib/util/toString.js","statementMap":{"0":{"start":{"line":3,"column":0},"end":{"line":5,"column":3}},"1":{"start":{"line":6,"column":0},"end":{"line":6,"column":27}},"2":{"start":{"line":7,"column":49},"end":{"line":7,"column":316}},"3":{"start":{"line":7,"column":149},"end":{"line":7,"column":165}},"4":{"start":{"line":7,"column":185},"end":{"line":7,"column":301}},"5":{"start":{"line":9,"column":2},"end":{"line":17,"column":3}},"6":{"start":{"line":10,"column":4},"end":{"line":14,"column":5}},"7":{"start":{"line":11,"column":6},"end":{"line":11,"column":31}},"8":{"start":{"line":13,"column":6},"end":{"line":13,"column":32}},"9":{"start":{"line":15,"column":9},"end":{"line":17,"column":3}},"10":{"start":{"line":16,"column":4},"end":{"line":16,"column":15}},"11":{"start":{"line":18,"column":2},"end":{"line":18,"column":23}},"12":{"start":{"line":20,"column":0},"end":{"line":20,"column":33}},"13":{"start":{"line":21,"column":0},"end":{"line":21,"column":41}}},"fnMap":{"0":{"name":"_typeof","decl":{"start":{"line":7,"column":9},"end":{"line":7,"column":16}},"loc":{"start":{"line":7,"column":20},"end":{"line":7,"column":318}},"line":7},"1":{"name":"(anonymous_1)","decl":{"start":{"line":7,"column":134},"end":{"line":7,"column":135}},"loc":{"start":{"line":7,"column":147},"end":{"line":7,"column":167}},"line":7},"2":{"name":"(anonymous_2)","decl":{"start":{"line":7,"column":170},"end":{"line":7,"column":171}},"loc":{"start":{"line":7,"column":183},"end":{"line":7,"column":303}},"line":7},"3":{"name":"toString","decl":{"start":{"line":8,"column":9},"end":{"line":8,"column":17}},"loc":{"start":{"line":8,"column":25},"end":{"line":19,"column":1}},"line":8}},"branchMap":{"0":{"loc":{"start":{"line":7,"column":66},"end":{"line":7,"column":303}},"type":"cond-expr","locations":[{"start":{"line":7,"column":134},"end":{"line":7,"column":167}},{"start":{"line":7,"column":170},"end":{"line":7,"column":303}}],"line":7},"1":{"loc":{"start":{"line":7,"column":66},"end":{"line":7,"column":131}},"type":"binary-expr","locations":[{"start":{"line":7,"column":66},"end":{"line":7,"column":93}},{"start":{"line":7,"column":97},"end":{"line":7,"column":131}}],"line":7},"2":{"loc":{"start":{"line":7,"column":192},"end":{"line":7,"column":300}},"type":"cond-expr","locations":[{"start":{"line":7,"column":281},"end":{"line":7,"column":289}},{"start":{"line":7,"column":292},"end":{"line":7,"column":300}}],"line":7},"3":{"loc":{"start":{"line":7,"column":192},"end":{"line":7,"column":278}},"type":"binary-expr","locations":[{"start":{"line":7,"column":192},"end":{"line":7,"column":193}},{"start":{"line":7,"column":197},"end":{"line":7,"column":224}},{"start":{"line":7,"column":228},"end":{"line":7,"column":252}},{"start":{"line":7,"column":256},"end":{"line":7,"column":278}}],"line":7},"4":{"loc":{"start":{"line":9,"column":2},"end":{"line":17,"column":3}},"type":"if","locations":[{"start":{"line":9,"column":2},"end":{"line":17,"column":3}},{"start":{"line":9,"column":2},"end":{"line":17,"column":3}}],"line":9},"5":{"loc":{"start":{"line":9,"column":6},"end":{"line":9,"column":51}},"type":"binary-expr","locations":[{"start":{"line":9,"column":6},"end":{"line":9,"column":33}},{"start":{"line":9,"column":37},"end":{"line":9,"column":51}}],"line":9},"6":{"loc":{"start":{"line":10,"column":4},"end":{"line":14,"column":5}},"type":"if","locations":[{"start":{"line":10,"column":4},"end":{"line":14,"column":5}},{"start":{"line":10,"column":4},"end":{"line":14,"column":5}}],"line":10},"7":{"loc":{"start":{"line":15,"column":9},"end":{"line":17,"column":3}},"type":"if","locations":[{"star
[...]
nd":{"line":92,"column":3}},"line":90},"24":{"name":"DE","decl":{"start":{"line":93,"column":15},"end":{"line":93,"column":17}},"loc":{"start":{"line":93,"column":23},"end":{"line":95,"column":3}},"line":93},"25":{"name":"EL","decl":{"start":{"line":96,"column":15},"end":{"line":96,"column":17}},"loc":{"start":{"line":96,"column":23},"end":{"line":98,"column":3}},"line":96},"26":{"name":"HU","decl":{"start":{"line":99,"column":15},"end":{"line":99,"column":17}},"loc":{"start":{"line":99,"column":23},"end":{"line":101,"column":3}},"line":99},"27":{"name":"IE","decl":{"start":{"line":102,"column":15},"end":{"line":102,"column":17}},"loc":{"start":{"line":102,"column":23},"end":{"line":104,"column":3}},"line":102},"28":{"name":"IT","decl":{"start":{"line":105,"column":15},"end":{"line":105,"column":17}},"loc":{"start":{"line":105,"column":23},"end":{"line":107,"column":3}},"line":105},"29":{"name":"LV","decl":{"start":{"line":108,"column":15},"end":{"line":108,"column":17}},"loc":{"start":{"line":108,"column":23},"end":{"line":110,"column":3}},"line":108},"30":{"name":"LT","decl":{"start":{"line":111,"column":15},"end":{"line":111,"column":17}},"loc":{"start":{"line":111,"column":23},"end":{"line":113,"column":3}},"line":111},"31":{"name":"LU","decl":{"start":{"line":114,"column":15},"end":{"line":114,"column":17}},"loc":{"start":{"line":114,"column":23},"end":{"line":116,"column":3}},"line":114},"32":{"name":"MT","decl":{"start":{"line":117,"column":15},"end":{"line":117,"column":17}},"loc":{"start":{"line":117,"column":23},"end":{"line":119,"column":3}},"line":117},"33":{"name":"NL","decl":{"start":{"line":120,"column":15},"end":{"line":120,"column":17}},"loc":{"start":{"line":120,"column":23},"end":{"line":122,"column":3}},"line":120},"34":{"name":"PL","decl":{"start":{"line":123,"column":15},"end":{"line":123,"column":17}},"loc":{"start":{"line":123,"column":23},"end":{"line":125,"column":3}},"line":123},"35":{"name":"RO","decl":{"start":{"line":127,"column":15},"end":{"line":127,"column":17}},"loc":{"start":{"line":127,"column":23},"end":{"line":129,"column":3}},"line":127},"36":{"name":"SK","decl":{"start":{"line":130,"column":15},"end":{"line":130,"column":17}},"loc":{"start":{"line":130,"column":23},"end":{"line":132,"column":3}},"line":130},"37":{"name":"SI","decl":{"start":{"line":133,"column":15},"end":{"line":133,"column":17}},"loc":{"start":{"line":133,"column":23},"end":{"line":135,"column":3}},"line":133},"38":{"name":"ES","decl":{"start":{"line":136,"column":15},"end":{"line":136,"column":17}},"loc":{"start":{"line":136,"column":23},"end":{"line":138,"column":3}},"line":136},"39":{"name":"SE","decl":{"start":{"line":139,"column":15},"end":{"line":139,"column":17}},"loc":{"start":{"line":139,"column":23},"end":{"line":141,"column":3}},"line":139},"40":{"name":"AL","decl":{"start":{"line":145,"column":15},"end":{"line":145,"column":17}},"loc":{"start":{"line":145,"column":23},"end":{"line":147,"column":3}},"line":145},"41":{"name":"MK","decl":{"start":{"line":148,"column":15},"end":{"line":148,"column":17}},"loc":{"start":{"line":148,"column":23},"end":{"line":150,"column":3}},"line":148},"42":{"name":"BY","decl":{"start":{"line":152,"column":15},"end":{"line":152,"column":17}},"loc":{"start":{"line":152,"column":23},"end":{"line":154,"column":3}},"line":152},"43":{"name":"CA","decl":{"start":{"line":155,"column":15},"end":{"line":155,"column":17}},"loc":{"start":{"line":155,"column":23},"end":{"line":157,"column":3}},"line":155},"44":{"name":"IS","decl":{"start":{"line":158,"column":15},"end":{"line":158,"column":17}},"loc":{"start":{"line":158,"column":23},"end":{"line":160,"column":3}},"line":158},"45":{"name":"IN","decl":{"start":{"line":161,"column":15},"end":{"line":161,"column":17}},"loc":{"start":{"line":161,"column":23},"end":{"line":163,"column":3}},"line":161},"46":{"name":"ID","decl":{"start":{"line":164,"column":15},"end":{"line":164,"column":17}},"loc":{"start":{"line":164,"column":23},"end":{"line":166,"column":3}},"line":164},"47":{"name":"IL","decl":{"start":{"line":167,"column":15},"end":{"line":167,"column":17}},"loc":{"start":{"line":167,"column":23},"end":{"line":169,"column":3}},"line":167},"48":{"name":"KZ","decl":{"start":{"line":170,"column":15},"end":{"line":170,"column":17}},"loc":{"start":{"line":170,"column":23},"end":{"line":172,"column":3}},"line":170},"49":{"name":"NZ","decl":{"start":{"line":173,"column":15},"end":{"line":173,"column":17}},"loc":{"start":{"line":173,"column":23},"end":{"line":175,"column":3}},"line":173},"50":{"name":"NG","decl":{"start":{"line":176,"column":15},"end":{"line":176,"column":17}},"loc":{"start":{"line":176,"column":23},"end":{"line":178,"column":3}},"line":176},"51":{"name":"NO","decl":{"start":{"line":179,"column":15},"end":{"line":179,"column":17}},"loc":{"start":{"line":179,"column":23},"end":{"line":181,"column":3}},"line":179},"52":{"name":"PH","decl":{"start":{"line":182,"column":15},"end":{"line":182,"column":17}},"loc":{"start":{"line":182,"column":23},"end":{"line":184,"column":3}},"line":182},"53":{"name":"RU","decl":{"start":{"line":185,"column":15},"end":{"line":185,"column":17}},"loc":{"start":{"line":185,"column":23},"end":{"line":187,"column":3}},"line":185},"54":{"name":"SM","decl":{"start":{"line":188,"column":15},"end":{"line":188,"column":17}},"loc":{"start":{"line":188,"column":23},"end":{"line":190,"column":3}},"line":188},"55":{"name":"SA","decl":{"start":{"line":191,"column":15},"end":{"line":191,"column":17}},"loc":{"start":{"line":191,"column":23},"end":{"line":193,"column":3}},"line":191},"56":{"name":"RS","decl":{"start":{"line":194,"column":15},"end":{"line":194,"column":17}},"loc":{"start":{"line":194,"column":23},"end":{"line":196,"column":3}},"line":194},"57":{"name":"TR","decl":{"start":{"line":198,"column":15},"end":{"line":198,"column":17}},"loc":{"start":{"line":198,"column":23},"end":{"line":200,"column":3}},"line":198},"58":{"name":"UA","decl":{"start":{"line":201,"column":15},"end":{"line":201,"column":17}},"loc":{"start":{"line":201,"column":23},"end":{"line":203,"column":3}},"line":201},"59":{"name":"GB","decl":{"start":{"line":204,"column":15},"end":{"line":204,"column":17}},"loc":{"start":{"line":204,"column":23},"end":{"line":206,"column":3}},"line":204},"60":{"name":"UZ","decl":{"start":{"line":207,"column":15},"end":{"line":207,"column":17}},"loc":{"start":{"line":207,"column":23},"end":{"line":209,"column":3}},"line":207},"61":{"name":"AR","decl":{"start":{"line":213,"column":15},"end":{"line":213,"column":17}},"loc":{"start":{"line":213,"column":23},"end":{"line":215,"column":3}},"line":213},"62":{"name":"BO","decl":{"start":{"line":216,"column":15},"end":{"line":216,"column":17}},"loc":{"start":{"line":216,"column":23},"end":{"line":218,"column":3}},"line":216},"63":{"name":"BR","decl":{"start":{"line":219,"column":15},"end":{"line":219,"column":17}},"loc":{"start":{"line":219,"column":23},"end":{"line":221,"column":3}},"line":219},"64":{"name":"CL","decl":{"start":{"line":222,"column":15},"end":{"line":222,"column":17}},"loc":{"start":{"line":222,"column":23},"end":{"line":224,"column":3}},"line":222},"65":{"name":"CO","decl":{"start":{"line":225,"column":15},"end":{"line":225,"column":17}},"loc":{"start":{"line":225,"column":23},"end":{"line":227,"column":3}},"line":225},"66":{"name":"CR","decl":{"start":{"line":228,"column":15},"end":{"line":228,"column":17}},"loc":{"start":{"line":228,"column":23},"end":{"line":230,"column":3}},"line":228},"67":{"name":"EC","decl":{"start":{"line":231,"column":15},"end":{"line":231,"column":17}},"loc":{"start":{"line":231,"column":23},"end":{"line":233,"column":3}},"line":231},"68":{"name":"SV","decl":{"start":{"line":234,"column":15},"end":{"line":234,"column":17}},"loc":{"start":{"line":234,"column":23},"end":{"line":236,"column":3}},"line":234},"69":{"name":"GT","decl":{"start":{"line":237,"column":15},"end":{"line":237,"column":17}},"loc":{"start":{"line":237,"column":23},"end":{"line":239,"column":3}},"line":237},"70":{"name":"HN","decl":{"start":{"line":240,"column":15},"end":{"line":240,"column":17}},"loc":{"start":{"line":240,"column":23},"end":{"line":242,"column":3}},"line":240},"71":{"name":"MX","decl":{"start":{"line":243,"column":15},"end":{"line":243,"column":17}},"loc":{"start":{"line":243,"column":23},"end":{"line":245,"column":3}},"line":243},"72":{"name":"NI","decl":{"start":{"line":246,"column":15},"end":{"line":246,"column":17}},"loc":{"start":{"line":246,"column":23},"end":{"line":248,"column":3}},"line":246},"73":{"name":"PA","decl":{"start":{"line":249,"column":15},"end":{"line":249,"column":17}},"loc":{"start":{"line":249,"column":23},"end":{"line":251,"column":3}},"line":249},"74":{"name":"PY","decl":{"start":{"line":252,"column":15},"end":{"line":252,"column":17}},"loc":{"start":{"line":252,"column":23},"end":{"line":254,"column":3}},"line":252},"75":{"name":"PE","decl":{"start":{"line":255,"column":15},"end":{"line":255,"column":17}},"loc":{"start":{"line":255,"column":23},"end":{"line":257,"column":3}},"line":255},"76":{"name":"DO","decl":{"start":{"line":258,"column":15},"end":{"line":258,"column":17}},"loc":{"start":{"line":258,"column":23},"end":{"line":260,"column":3}},"line":258},"77":{"name":"UY","decl":{"start":{"line":261,"column":15},"end":{"line":261,"column":17}},"loc":{"start":{"line":261,"column":23},"end":{"line":263,"column":3}},"line":261},"78":{"name":"VE","decl":{"start":{"line":264,"column":15},"end":{"line":264,"column":17}},"loc":{"start":{"line":264,"column":23},"end":{"line":266,"column":3}},"line":264},"79":{"name":"isVAT","decl":{"start":{"line":268,"column":9},"end":{"line":268,"column":14}},"loc":{"start":{"line":268,"column":33},"end":{"line":275,"column":1}},"line":268}},"branchMap":{"0":{"loc":{"start":{"line":3,"column":66},"end":{"line":3,"column":303}},"type":"cond-expr","locations":[{"start":{"line":3,"column":134},"end":{"line":3,"column":167}},{"start":{"line":3,"column":170},"end":{"line":3,"column":303}}],"line":3},"1":{"loc":{"start":{"line":3,"column":66},"end":{"line":3,"column":131}},"type":"binary-expr","locations":[{"start":{"line":3,"column":66},"end":{"line":3,"column":93}},{"start":{"line":3,"column":97},"end":{"line":3,"column":131}}],"line":3},"2":{"loc":{"start":{"line":3,"column":192},"end":{"line":3,"column":300}},"type":"cond-expr","locations":[{"start":{"line":3,"column":281},"end":{"line":3,"column":289}},{"start":{"line":3,"column":292},"end":{"line":3,"column":300}}],"line":3},"3":{"loc":{"start":{"line":3,"column":192},"end":{"line":3,"column":278}},"type":"binary-expr","locations":[{"start":{"line":3,"column":192},"end":{"line":3,"column":193}},{"start":{"line":3,"column":197},"end":{"line":3,"column":224}},{"start":{"line":3,"column":228},"end":{"line":3,"column":252}},{"start":{"line":3,"column":256},"end":{"line":3,"column":278}}],"line":3},"4":{"loc":{"start":{"line":11,"column":39},"end":{"line":11,"column":85}},"type":"if","locations":[{"start":{"line":11,"column":39},"end":{"line":11,"column":85}},{"start":{"line":11,"column":39},"end":{"line":11,"column":85}}],"line":11},"5":{"loc":{"start":{"line":11,"column":209},"end":{"line":11,"column":218}},"type":"cond-expr","locations":[{"start":{"line":11,"column":213},"end":{"line":11,"column":214}},{"start":{"line":11,"column":217},"end":{"line":11,"column":218}}],"line":11},"6":{"loc":{"start":{"line":12,"column":41},"end":{"line":12,"column":79}},"type":"if","locations":[{"start":{"line":12,"column":41},"end":{"line":12,"column":79}},{"start":{"line":12,"column":41},"end":{"line":12,"column":79}}],"line":12},"7":{"loc":{"start":{"line":12,"column":45},"end":{"line":12,"column":68}},"type":"binary-expr","locations":[{"start":{"line":12,"column":45},"end":{"line":12,"column":47}},{"start":{"line":12,"column":51},"end":{"line":12,"column":52}},{"start":{"line":12,"column":56},"end":{"line":12,"column":68}}],"line":12},"8":{"loc":{"start":{"line":12,"column":80},"end":{"line":12,"column":170}},"type":"if","locations":[{"start":{"line":12,"column":80},"end":{"line":12,"column":170}},{"start":{"line":12,"column":80},"end":{"line":12,"column":170}}],"line":12},"9":{"loc":{"start":{"line":12,"column":84},"end":{"line":12,"column":146}},"type":"binary-expr","locations":[{"start":{"line":12,"column":84},"end":{"line":12,"column":94}},{"start":{"line":12,"column":98},"end":{"line":12,"column":120}},{"start":{"line":12,"column":124},"end":{"line":12,"column":146}}],"line":12},"10":{"loc":{"start":{"line":12,"column":208},"end":{"line":12,"column":243}},"type":"if","locations":[{"start":{"line":12,"column":208},"end":{"line":12,"column":243}},{"start":{"line":12,"column":208},"end":{"line":12,"column":243}}],"line":12},"11":{"loc":{"start":{"line":12,"column":212},"end":{"line":12,"column":225}},"type":"binary-expr","locations":[{"start":{"line":12,"column":212},"end":{"line":12,"column":213}},{"start":{"line":12,"column":217},"end":{"line":12,"column":225}}],"line":12},"12":{"loc":{"start":{"line":12,"column":277},"end":{"line":12,"column":333}},"type":"binary-expr","locations":[{"start":{"line":12,"column":277},"end":{"line":12,"column":298}},{"start":{"line":12,"column":302},"end":{"line":12,"column":333}}],"line":12},"13":{"loc":{"start":{"line":12,"column":352},"end":{"line":12,"column":536}},"type":"if","locations":[{"start":{"line":12,"column":352},"end":{"line":12,"column":536}},{"start":{"line":12,"column":352},"end":{"line":12,"column":536}}],"line":12},"14":{"loc":{"start":{"line":12,"column":356},"end":{"line":12,"column":403}},"type":"binary-expr","locations":[{"start":{"line":12,"column":356},"end":{"line":12,"column":371}},{"start":{"line":12,"column":375},"end":{"line":12,"column":403}}],"line":12},"15":{"loc":{"start":{"line":12,"column":415},"end":{"line":12,"column":463}},"type":"cond-expr","locations":[{"start":{"line":12,"column":419},"end":{"line":12,"column":456}},{"start":{"line":12,"column":459},"end":{"line":12,"column":463}}],"line":12},"16":{"loc":{"start":{"line":12,"column":465},"end":{"line":12,"column":533}},"type":"cond-expr","locations":[{"start":{"line":12,"column":489},"end":{"line":12,"column":519}},{"start":{"line":12,"column":522},"end":{"line":12,"column":533}}],"line":12},"17":{"loc":{"start":{"line":12,"column":465},"end":{"line":12,"column":486}},"type":"binary-expr","locations":[{"start":{"line":12,"column":465},"end":{"line":12,"column":466}},{"start":{"line":12,"column":471},"end":{"line":12,"column":476}},{"start":{"line":12,"column":480},"end":{"line":12,"column":485}}],"line":12},"18":{"loc":{"start":{"line":12,"column":559},"end":{"line":12,"column":575}},"type":"binary-expr","locations":[{"start":{"line":12,"column":559},"end":{"line":12,"column":560}},{"start":{"line":12,"column":564},"end":{"line":12,"column":575}}],"line":12},"19":{"loc":{"start":{"line":13,"column":44},"end":{"line":13,"column":82}},"type":"cond-expr","locations":[{"start":{"line":13,"column":64},"end":{"line":13,"column":65}},{"start":{"line":13,"column":68},"end":{"line":13,"column":82}}],"line":13},"20":{"loc":{"start":{"line":13,"column":44},"end":{"line":13,"column":61}},"type":"binary-expr","locations":[{"start":{"line":13,"column":44},"end":{"line":13,"column":45}},{"start":{"line":13,"column":49},"end":{"line":13,"column":61}}],"line":13},"21":{"loc":{"start":{"line":16,"column":2},"end":{"line":18,"column":3}},"type":"if","locations":[{"start":{"line":16,"column":2},"end":{"line":18,"column":3}},{"start":{"line":16,"column":2},"end":{"line":18,"column":3}}],"line":16},"22":{"loc":{"start":{"line":27,"column":9},"end":{"line":27,"column":40}},"type":"binary-expr","locations":[{"start":{"line":27,"column":9},"end":{"line":27,"column":20}},{"start":{"line":27,"column":24},"end":{"line":27,"column":40}}],"line":27},"23":{"loc":{"start":{"line":41,"column":9},"end":{"line":43,"column":5}},"type":"binary-expr","locations":[{"start":{"line":41,"column":9},"end":{"line":41,"column":100}},{"start":{"line":41,"column":104},"end":{"line":43,"column":5}}],"line":41},"24":{"loc":{"start":{"line":47,"column":2},"end":{"line":49,"column":3}},"type":"if","locations":[{"start":{"line":47,"column":2},"end":{"line":49,"column":3}},{"start":{"line":47,"column":2},"end":{"line":49,"column":3}}],"line":47},"25":{"loc":{"start":{"line":54,"column":2},"end":{"line":56,"column":3}},"type":"if","locations":[{"start":{"line":54,"column":2},"end":{"line":56,"column":3}},{"start":{"line":54,"column":2},"end":{"line":56,"column":3}}],"line":54},"26":{"loc":{"start":{"line":271,"column":2},"end":{"line":273,"column":3}},"type":"if","locations":[{"start":{"line":271,"column":2},"end":{"line":273,"column":3}},{"start":{"line":271,"column":2},"end":{"line":273,"column":3}}],"line":271}},"s":{"0":0,"1":0,"2":0,"3":1,"4":1,"5":1,"6":1,"7":1,"8":0,"9":0,"10":0,"11":0,"12":0,"13":0,"14":1,"15":1,"16":0,"17":0,"18":0,"19":0,"20":0,"21":0,"22":0,"23":0,"24":0,"25":0,"26":0,"27":0,"28":1,"29":1,"30":18,"31":18,"32":2,"33":16,"34":16,"35":16,"36":16,"37":16,"38":16,"39":176,"40":16,"41":1,"42":20,"43":16,"44":16,"45":16,"46":128,"47":16,"48":20,"49":144,"50":1,"51":4,"52":4,"53":1,"54":3,"55":3,"56":24,"57":3,"58":1,"59":2,"60":1,"61":4,"62":4,"63":6,"64":4,"65":4,"66":8,"67":4,"68":4,"69":4,"70":4,"71":4,"72":4,"73":4,"74":4,"75":7,"76":4,"77":10,"78":4,"79":4,"80":7,"81":8,"82":6,"83":4,"84":4,"85":4,"86":4,"87":4,"88":4,"89":4,"90":4,"91":4,"92":4,"93":6,"94":4,"95":4,"96":4,"97":6,"98":4,"99":6,"100":6,"101":4,"102":4,"103":4,"104":4,"105":4,"106":21,"107":4,"108":4,"109":4,"110":6,"111":4,"112":4,"113":6,"114":4,"115":4,"116":4,"117":2,"118":6,"119":4,"120":2,"121":6,"122":4,"123":10,"124":4,"125":6,"126":364,"127":364,"128":364,"129":363,"130":1},"f":{"0":0,"1":0,"2":0,"3":0,"4":0,"5":1,"6":1,"7":18,"8":20,"9":16,"10":128,"11":144,"12":4,"13":24,"14":4,"15":4,"16":6,"17":4,"18":4,"19":8,"20":4,"21":4,"22":4,"23":4,"24":4,"25":4,"26":4,"27":4,"28":7,"29":4,"30":10,"31":4,"32":4,"33":7,"34":8,"35":6,"36":4,"37":4,"38":4,"39":4,"40":4,"41":4,"42":4,"43":4,"44":4,"45":4,"46":6,"47":4,"48":4,"49":4,"50":6,"51":4,"52":6,"53":6,"54":4,"55":4,"56":4,"57":4,"58":4,"59":21,"60":4,"61":4,"62":4,"63":6,"64":4,"65":4,"66":6,"67":4,"68":4,"69":4,"70":2,"71":6,"72":4,"73":2,"74":6,"75":4,"76":10,"77":4,"78":6,"79":364},"b":{"0":[0,0],"1":[0,0],"2":[0,0],"3":[0,0,0,0],"4":[0,0],"5":[0,0],"6":[1,0],"7":[1,1,1],"8":[0,0],"9":[0,0,0],"10":[0,0],"11":[0,0],"12":[0,0],"13":[0,0],"14":[0,0],"15":[0,0],"16":[0,0],"17":[0,0,0],"18":[0,0],"19":[0,1],"20":[1,1],"21":[2,16],"22":[16,16],"23":[20,16],"24":[1,3],"25":[1,2],"26":[363,1]},"_coverageSchema":"43e27e138ebf9cfc5966b082cf9a028302ed4184","hash":"68ab2afea9b68d7aa6a37caac1495a91073954ff","contentHash":"302dc7c0875783d8f2caa475678eeb58d70a67ddd3af20d532dac969968cf3b1"},"/Users/amr/web/javascript_task/validator.js/src/lib/util/typeOf.js":{"path":"/Users/amr/web/javascript_task/validator.js/src/lib/util/typeOf.js","statementMap":{"0":{"start":{"line":3,"column":0},"end":{"line":5,"column":3}},"1":{"start":{"line":6,"column":0},"end":{"line":6,"column":25}},"2":{"start":{"line":12,"column":18},"end":{"line":12,"column":69}},"3":{"start":{"line":13,"column":20},"end":{"line":13,"column":37}},"4":{"start":{"line":14,"column":13},"end":{"line":14,"column":43}},"5":{"start":{"line":15,"column":2},"end":{"line":15,"column":14}},"6":{"start":{"line":17,"column":0},"end":{"line":17,"column":33}},"7":{"start":{"line":18,"column":0},"end":{"line":18,"column":41}}},"fnMap":{"0":{"name":"typeOf","decl":{"start":{"line":11,"column":9},"end":{"line":11,"column":15}},"loc":{"start":{"line":11,"column":23},"end":{"line":16,"column":1}},"line":11}},"branchMap":{},"s":{"0":1,"1":1,"2":9,"3":9,"4":9,"5":9,"6":1,"7":1},"f":{"0":9},"b":{},"_coverageSchema":"43e27e138ebf9cfc5966b082cf9a028302ed4184","hash":"c234a029e9175d014f86887ebe7fec20afd758dd","contentHash":"e1300966ee98a9e7dd10a4a6d7423aecce42da452a48648a31150509f180912d"}}